{
  "from" : 1000,
  "to" : 2000,
  "step" : 100,
  "seed" : 42,
  "calibration" : "off",
  "userflags" : "-DNDEBUG -DLOG_PREFIX=\"dsd\" -O3 -m64 -march=corei7-avx -fno-tree-vectorize",
  "git-revision" : "23c4ec4 simplifications",
  "runs" : {
    "opt/bst_110_precompute.c:1" : [
      {
        "N" : 1000,
        "cycles" : 694080983,
        "cache-references" : 3448849,
        "cache-misses" : 840122
      },
      {
        "N" : 1100,
        "cycles" : 941006647,
        "cache-references" : 4700608,
        "cache-misses" : 1868455
      },
      {
        "N" : 1200,
        "cycles" : 1266880739,
        "cache-references" : 6309578,
        "cache-misses" : 3332998
      },
      {
        "N" : 1300,
        "cycles" : 1572184949,
        "cache-references" : 8210189,
        "cache-misses" : 4529330
      },
      {
        "N" : 1400,
        "cycles" : 1971173116,
        "cache-references" : 10827157,
        "cache-misses" : 6415616
      },
      {
        "N" : 1500,
        "cycles" : 2401135135,
        "cache-references" : 12998646,
        "cache-misses" : 7977777
      },
      {
        "N" : 1600,
        "cycles" : 2906057612,
        "cache-references" : 16296593,
        "cache-misses" : 10285819
      },
      {
        "N" : 1700,
        "cycles" : 3473485326,
        "cache-references" : 19996047,
        "cache-misses" : 12794883
      },
      {
        "N" : 1800,
        "cycles" : 4263912831,
        "cache-references" : 24477527,
        "cache-misses" : 15873360
      },
      {
        "N" : 1900,
        "cycles" : 4813248579,
        "cache-references" : 29201407,
        "cache-misses" : 18782835
      },
      {
        "N" : 2000,
        "cycles" : 5615041654,
        "cache-references" : 34887314,
        "cache-misses" : 22118366
      }
    ]
  }
}
