{
  "from" : 100,
  "to" : 1000,
  "step" : 100,
  "seed" : 42,
  "calibration" : "off",
  "userflags" : "-DNDEBUG -DLOG_PREFIX=\"dsd\" -O3 -fno-tree-vectorize",
  "git-revision" : "950f577 ignore config.make",
  "runs" : {
    "opt/bst_102_blocking.c" : [
      {
        "N" : 100,
        "cycles" : 920097,
        "cache-references" : 872,
        "cache-misses" : 294
      },
      {
        "N" : 200,
        "cycles" : 6518618,
        "cache-references" : 21057,
        "cache-misses" : 2485
      },
      {
        "N" : 300,
        "cycles" : 21021830,
        "cache-references" : 140716,
        "cache-misses" : 4421
      },
      {
        "N" : 400,
        "cycles" : 48711056,
        "cache-references" : 369566,
        "cache-misses" : 12300
      },
      {
        "N" : 500,
        "cycles" : 94808515,
        "cache-references" : 643381,
        "cache-misses" : 42878
      },
      {
        "N" : 600,
        "cycles" : 158826360,
        "cache-references" : 937028,
        "cache-misses" : 27360
      },
      {
        "N" : 700,
        "cycles" : 248969535,
        "cache-references" : 1305650,
        "cache-misses" : 54929
      },
      {
        "N" : 800,
        "cycles" : 374800483,
        "cache-references" : 1713861,
        "cache-misses" : 147329
      },
      {
        "N" : 900,
        "cycles" : 545450236,
        "cache-references" : 2351051,
        "cache-misses" : 523317
      },
      {
        "N" : 1000,
        "cycles" : 766898420,
        "cache-references" : 3243054,
        "cache-misses" : 1147760
      }
    ],
    "opt/bst_103_why_would_you_block.c" : [
      {
        "N" : 100,
        "cycles" : 2046866,
        "cache-references" : 1363,
        "cache-misses" : 720
      },
      {
        "N" : 200,
        "cycles" : 16039958,
        "cache-references" : 9662,
        "cache-misses" : 1739
      },
      {
        "N" : 300,
        "cycles" : 54238471,
        "cache-references" : 113487,
        "cache-misses" : 4501
      },
      {
        "N" : 400,
        "cycles" : 128547756,
        "cache-references" : 337605,
        "cache-misses" : 12747
      },
      {
        "N" : 500,
        "cycles" : 251475670,
        "cache-references" : 543890,
        "cache-misses" : 31251
      },
      {
        "N" : 600,
        "cycles" : 435716091,
        "cache-references" : 870744,
        "cache-misses" : 72337
      },
      {
        "N" : 700,
        "cycles" : 694847821,
        "cache-references" : 1321619,
        "cache-misses" : 193157
      },
      {
        "N" : 800,
        "cycles" : 1041049628,
        "cache-references" : 1832810,
        "cache-misses" : 374311
      },
      {
        "N" : 900,
        "cycles" : 1485257272,
        "cache-references" : 2391441,
        "cache-misses" : 619687
      },
      {
        "N" : 1000,
        "cycles" : 2038893473,
        "cache-references" : 3070669,
        "cache-misses" : 1035575
      }
    ],
    "opt/bst_005_unroll4.c" : [
      {
        "N" : 100,
        "cycles" : 1537627,
        "cache-references" : 788,
        "cache-misses" : 584
      },
      {
        "N" : 200,
        "cycles" : 8167946,
        "cache-references" : 34580,
        "cache-misses" : 1199
      },
      {
        "N" : 300,
        "cycles" : 24797779,
        "cache-references" : 244597,
        "cache-misses" : 2247
      },
      {
        "N" : 400,
        "cycles" : 55904435,
        "cache-references" : 685937,
        "cache-misses" : 5646
      },
      {
        "N" : 500,
        "cycles" : 105387673,
        "cache-references" : 1346026,
        "cache-misses" : 23716
      },
      {
        "N" : 600,
        "cycles" : 182266807,
        "cache-references" : 2160287,
        "cache-misses" : 55761
      },
      {
        "N" : 700,
        "cycles" : 293364353,
        "cache-references" : 3134995,
        "cache-misses" : 142241
      },
      {
        "N" : 800,
        "cycles" : 485983377,
        "cache-references" : 4336442,
        "cache-misses" : 740881
      },
      {
        "N" : 900,
        "cycles" : 659170637,
        "cache-references" : 5699878,
        "cache-misses" : 1226320
      },
      {
        "N" : 1000,
        "cycles" : 929719523,
        "cache-references" : 8002872,
        "cache-misses" : 2566189
      }
    ]
  }
}
