{
  "from" : 512,
  "to" : 1024,
  "step" : 32,
  "seed" : 42,
  "calibration" : "off",
  "userflags" : "-DNDEBUG -DLOG_PREFIX=\"dsd\" -O3 -fno-tree-vectorize",
  "git-revision" : "07cb886 get a clearer picture",
  "runs" : {
    "opt/bst_105_blocking_transposed.c:4" : [
      {
        "N" : 512,
        "cycles" : 146534856,
        "cache-references" : 6366523,
        "cache-misses" : 63543
      },
      {
        "N" : 544,
        "cycles" : 155519487,
        "cache-references" : 3894478,
        "cache-misses" : 72242
      },
      {
        "N" : 576,
        "cycles" : 186558232,
        "cache-references" : 4929320,
        "cache-misses" : 88238
      },
      {
        "N" : 608,
        "cycles" : 211100449,
        "cache-references" : 5632197,
        "cache-misses" : 101058
      },
      {
        "N" : 640,
        "cycles" : 244561530,
        "cache-references" : 6183991,
        "cache-misses" : 101009
      },
      {
        "N" : 672,
        "cycles" : 283832174,
        "cache-references" : 7129973,
        "cache-misses" : 126253
      },
      {
        "N" : 704,
        "cycles" : 324066067,
        "cache-references" : 8148622,
        "cache-misses" : 121784
      },
      {
        "N" : 736,
        "cycles" : 370779831,
        "cache-references" : 9421958,
        "cache-misses" : 142730
      },
      {
        "N" : 768,
        "cycles" : 434674294,
        "cache-references" : 11619635,
        "cache-misses" : 191868
      },
      {
        "N" : 800,
        "cycles" : 477617791,
        "cache-references" : 13209272,
        "cache-misses" : 205427
      },
      {
        "N" : 832,
        "cycles" : 540528179,
        "cache-references" : 15830807,
        "cache-misses" : 258664
      },
      {
        "N" : 864,
        "cycles" : 602465211,
        "cache-references" : 17448167,
        "cache-misses" : 246427
      },
      {
        "N" : 896,
        "cycles" : 667757701,
        "cache-references" : 18648853,
        "cache-misses" : 395700
      },
      {
        "N" : 928,
        "cycles" : 784540266,
        "cache-references" : 31479807,
        "cache-misses" : 641606
      },
      {
        "N" : 960,
        "cycles" : 835180261,
        "cache-references" : 24844374,
        "cache-misses" : 838427
      },
      {
        "N" : 992,
        "cycles" : 1073742674,
        "cache-references" : 86493465,
        "cache-misses" : 2803558
      },
      {
        "N" : 1024,
        "cycles" : 1167676150,
        "cache-references" : 59131088,
        "cache-misses" : 2779295
      }
    ],
    "opt/bst_105_blocking_transposed.c:64" : [
      {
        "N" : 512,
        "cycles" : 107956107,
        "cache-references" : 3431729,
        "cache-misses" : 39027
      },
      {
        "N" : 544,
        "cycles" : 128386765,
        "cache-references" : 3849412,
        "cache-misses" : 55195
      },
      {
        "N" : 576,
        "cycles" : 152349332,
        "cache-references" : 4636929,
        "cache-misses" : 64990
      },
      {
        "N" : 608,
        "cycles" : 179510672,
        "cache-references" : 5585431,
        "cache-misses" : 76770
      },
      {
        "N" : 640,
        "cycles" : 209400477,
        "cache-references" : 6648206,
        "cache-misses" : 90354
      },
      {
        "N" : 672,
        "cycles" : 242860709,
        "cache-references" : 7790843,
        "cache-misses" : 102770
      },
      {
        "N" : 704,
        "cycles" : 280376440,
        "cache-references" : 9162349,
        "cache-misses" : 123287
      },
      {
        "N" : 736,
        "cycles" : 322523628,
        "cache-references" : 10607100,
        "cache-misses" : 154656
      },
      {
        "N" : 768,
        "cycles" : 370345390,
        "cache-references" : 12738116,
        "cache-misses" : 183055
      },
      {
        "N" : 800,
        "cycles" : 426247661,
        "cache-references" : 14113996,
        "cache-misses" : 299225
      },
      {
        "N" : 832,
        "cycles" : 482458880,
        "cache-references" : 15907110,
        "cache-misses" : 355204
      },
      {
        "N" : 864,
        "cycles" : 550400829,
        "cache-references" : 17957662,
        "cache-misses" : 487684
      },
      {
        "N" : 896,
        "cycles" : 628857125,
        "cache-references" : 20359477,
        "cache-misses" : 756366
      },
      {
        "N" : 928,
        "cycles" : 709150491,
        "cache-references" : 22651484,
        "cache-misses" : 916043
      },
      {
        "N" : 960,
        "cycles" : 738078781,
        "cache-references" : 24468726,
        "cache-misses" : 1131942
      },
      {
        "N" : 992,
        "cycles" : 865463976,
        "cache-references" : 27418001,
        "cache-misses" : 1632643
      },
      {
        "N" : 1024,
        "cycles" : 924278772,
        "cache-references" : 31102981,
        "cache-misses" : 1510839
      }
    ],
    "opt/bst_105_blocking_transposed.c:124" : [
      {
        "N" : 512,
        "cycles" : 103215231,
        "cache-references" : 1430354,
        "cache-misses" : 31743
      },
      {
        "N" : 544,
        "cycles" : 121850070,
        "cache-references" : 1616918,
        "cache-misses" : 29022
      },
      {
        "N" : 576,
        "cycles" : 143357240,
        "cache-references" : 1911719,
        "cache-misses" : 36421
      },
      {
        "N" : 608,
        "cycles" : 167496511,
        "cache-references" : 2263641,
        "cache-misses" : 38341
      },
      {
        "N" : 640,
        "cycles" : 194057669,
        "cache-references" : 2662596,
        "cache-misses" : 44207
      },
      {
        "N" : 672,
        "cycles" : 223828321,
        "cache-references" : 3163783,
        "cache-misses" : 59866
      },
      {
        "N" : 704,
        "cycles" : 255995803,
        "cache-references" : 3779002,
        "cache-misses" : 62749
      },
      {
        "N" : 736,
        "cycles" : 291920747,
        "cache-references" : 4651526,
        "cache-misses" : 78873
      },
      {
        "N" : 768,
        "cycles" : 334227760,
        "cache-references" : 5801212,
        "cache-misses" : 106743
      },
      {
        "N" : 800,
        "cycles" : 379427743,
        "cache-references" : 6737104,
        "cache-misses" : 148323
      },
      {
        "N" : 832,
        "cycles" : 432387960,
        "cache-references" : 8172909,
        "cache-misses" : 230828
      },
      {
        "N" : 864,
        "cycles" : 491445437,
        "cache-references" : 9516915,
        "cache-misses" : 361242
      },
      {
        "N" : 896,
        "cycles" : 557338902,
        "cache-references" : 11095528,
        "cache-misses" : 499954
      },
      {
        "N" : 928,
        "cycles" : 630393212,
        "cache-references" : 12430094,
        "cache-misses" : 648803
      },
      {
        "N" : 960,
        "cycles" : 684074131,
        "cache-references" : 13837395,
        "cache-misses" : 841917
      },
      {
        "N" : 992,
        "cycles" : 801057075,
        "cache-references" : 15328852,
        "cache-misses" : 1458669
      },
      {
        "N" : 1024,
        "cycles" : 860657360,
        "cache-references" : 16030436,
        "cache-misses" : 1550825
      }
    ]
  }
}
