{
  "from" : 100,
  "to" : 2000,
  "step" : 100,
  "seed" : 42,
  "calibration" : "off",
  "userflags" : "-DNDEBUG -DLOG_PREFIX="dsd" -O3 -fno-tree-vectorize",
  "git-revision" : "7f1428a Still don't understand why blocking is faster",
  "runs" : {
    "opt/bst_102_blocking.c" : [
      {
        "N" : 100,
        "cycles" : 910108,
        "cache-references" : 926,
        "cache-misses" : 172
      },
      {
        "N" : 200,
        "cycles" : 6436164,
        "cache-references" : 8312,
        "cache-misses" : 1417
      },
      {
        "N" : 300,
        "cycles" : 20991216,
        "cache-references" : 105315,
        "cache-misses" : 1703
      },
      {
        "N" : 400,
        "cycles" : 56007441,
        "cache-references" : 307268,
        "cache-misses" : 6809
      },
      {
        "N" : 500,
        "cycles" : 96354534,
        "cache-references" : 592495,
        "cache-misses" : 15695
      },
      {
        "N" : 600,
        "cycles" : 160230141,
        "cache-references" : 897895,
        "cache-misses" : 20273
      },
      {
        "N" : 700,
        "cycles" : 250364465,
        "cache-references" : 1305216,
        "cache-misses" : 36645
      },
      {
        "N" : 800,
        "cycles" : 370607298,
        "cache-references" : 1702968,
        "cache-misses" : 76585
      },
      {
        "N" : 900,
        "cycles" : 533624550,
        "cache-references" : 2248687,
        "cache-misses" : 280714
      },
      {
        "N" : 1000,
        "cycles" : 752439636,
        "cache-references" : 3177392,
        "cache-misses" : 944772
      },
      {
        "N" : 1100,
        "cycles" : 998385449,
        "cache-references" : 3968144,
        "cache-misses" : 1421960
      },
      {
        "N" : 1200,
        "cycles" : 1303093403,
        "cache-references" : 5041753,
        "cache-misses" : 2336265
      },
      {
        "N" : 1300,
        "cycles" : 1660924518,
        "cache-references" : 6271464,
        "cache-misses" : 3427079
      },
      {
        "N" : 1400,
        "cycles" : 2073524362,
        "cache-references" : 7770840,
        "cache-misses" : 4525133
      },
      {
        "N" : 1500,
        "cycles" : 2552514650,
        "cache-references" : 9557454,
        "cache-misses" : 5964109
      },
      {
        "N" : 1600,
        "cycles" : 3091014044,
        "cache-references" : 11432130,
        "cache-misses" : 7343836
      },
      {
        "N" : 1700,
        "cycles" : 3706484574,
        "cache-references" : 13530296,
        "cache-misses" : 9010749
      },
      {
        "N" : 1800,
        "cycles" : 4391150627,
        "cache-references" : 16039046,
        "cache-misses" : 10764028
      },
      {
        "N" : 1900,
        "cycles" : 5148765275,
        "cache-references" : 18369645,
        "cache-misses" : 12665266
      },
      {
        "N" : 2000,
        "cycles" : 5998045956,
        "cache-references" : 21339639,
        "cache-misses" : 14860660
      }
    ],
    "opt/bst_103_why_would_you_block.c" : [
      {
        "N" : 100,
        "cycles" : 2068271,
        "cache-references" : 1090,
        "cache-misses" : 455
      },
      {
        "N" : 200,
        "cycles" : 16038830,
        "cache-references" : 10530,
        "cache-misses" : 1599
      },
      {
        "N" : 300,
        "cycles" : 54937670,
        "cache-references" : 97539,
        "cache-misses" : 3027
      },
      {
        "N" : 400,
        "cycles" : 129126388,
        "cache-references" : 291474,
        "cache-misses" : 12028
      },
      {
        "N" : 500,
        "cycles" : 251381210,
        "cache-references" : 543263,
        "cache-misses" : 20003
      },
      {
        "N" : 600,
        "cycles" : 433879154,
        "cache-references" : 868165,
        "cache-misses" : 24415
      },
      {
        "N" : 700,
        "cycles" : 688953373,
        "cache-references" : 1299189,
        "cache-misses" : 43976
      },
      {
        "N" : 800,
        "cycles" : 1031144324,
        "cache-references" : 1743417,
        "cache-misses" : 138931
      },
      {
        "N" : 900,
        "cycles" : 1475560255,
        "cache-references" : 2276615,
        "cache-misses" : 426957
      },
      {
        "N" : 1000,
        "cycles" : 2034347038,
        "cache-references" : 2999796,
        "cache-misses" : 895885
      },
      {
        "N" : 1100,
        "cycles" : 2718190912,
        "cache-references" : 3677142,
        "cache-misses" : 1484322
      },
      {
        "N" : 1200,
        "cycles" : 3543695458,
        "cache-references" : 4559167,
        "cache-misses" : 2333848
      },
      {
        "N" : 1300,
        "cycles" : 4511895680,
        "cache-references" : 5514408,
        "cache-misses" : 3232246
      },
      {
        "N" : 1400,
        "cycles" : 5639064578,
        "cache-references" : 6563327,
        "cache-misses" : 4085555
      },
      {
        "N" : 1500,
        "cycles" : 6941742321,
        "cache-references" : 7840591,
        "cache-misses" : 5296687
      },
      {
        "N" : 1600,
        "cycles" : 8425547571,
        "cache-references" : 9180169,
        "cache-misses" : 6513440
      },
      {
        "N" : 1700,
        "cycles" : 10104330713,
        "cache-references" : 10506879,
        "cache-misses" : 7357292
      },
      {
        "N" : 1800,
        "cycles" : 11980050118,
        "cache-references" : 11984916,
        "cache-misses" : 8618378
      },
      {
        "N" : 1900,
        "cycles" : 14017878181,
        "cache-references" : 13455125,
        "cache-misses" : 9864601
      },
      {
        "N" : 2000,
        "cycles" : 16342056103,
        "cache-references" : 15133982,
        "cache-misses" : 11237269
      }
    ],
    "opt/bst_005_unroll4.c" : [
      {
        "N" : 100,
        "cycles" : 1356585,
        "cache-references" : 1044,
        "cache-misses" : 837
      },
      {
        "N" : 200,
        "cycles" : 8184496,
        "cache-references" : 39860,
        "cache-misses" : 558
      },
      {
        "N" : 300,
        "cycles" : 24935933,
        "cache-references" : 250419,
        "cache-misses" : 1206
      },
      {
        "N" : 400,
        "cycles" : 58058882,
        "cache-references" : 688157,
        "cache-misses" : 3516
      },
      {
        "N" : 500,
        "cycles" : 107713463,
        "cache-references" : 1341823,
        "cache-misses" : 29678
      },
      {
        "N" : 600,
        "cycles" : 184593291,
        "cache-references" : 2169952,
        "cache-misses" : 56385
      },
      {
        "N" : 700,
        "cycles" : 298075889,
        "cache-references" : 3211313,
        "cache-misses" : 215352
      },
      {
        "N" : 800,
        "cycles" : 450454791,
        "cache-references" : 4338976,
        "cache-misses" : 543892
      },
      {
        "N" : 900,
        "cycles" : 654541434,
        "cache-references" : 5784059,
        "cache-misses" : 1241773
      },
      {
        "N" : 1000,
        "cycles" : 916581984,
        "cache-references" : 8002489,
        "cache-misses" : 2496831
      },
      {
        "N" : 1100,
        "cycles" : 1234201701,
        "cache-references" : 10814110,
        "cache-misses" : 4150440
      },
      {
        "N" : 1200,
        "cycles" : 1643484617,
        "cache-references" : 20083282,
        "cache-misses" : 7945641
      },
      {
        "N" : 1300,
        "cycles" : 2102543901,
        "cache-references" : 21977541,
        "cache-misses" : 9727089
      },
      {
        "N" : 1400,
        "cycles" : 2640587878,
        "cache-references" : 32735626,
        "cache-misses" : 13308083
      },
      {
        "N" : 1500,
        "cycles" : 3244988359,
        "cache-references" : 40267313,
        "cache-misses" : 17092223
      },
      {
        "N" : 1600,
        "cycles" : 3917412612,
        "cache-references" : 46893758,
        "cache-misses" : 19354421
      },
      {
        "N" : 1700,
        "cycles" : 4684883644,
        "cache-references" : 63235056,
        "cache-misses" : 25360572
      },
      {
        "N" : 1800,
        "cycles" : 5530673100,
        "cache-references" : 72824585,
        "cache-misses" : 28495340
      },
      {
        "N" : 1900,
        "cycles" : 6444078620,
        "cache-references" : 90300914,
        "cache-misses" : 34573337
      },
      {
        "N" : 2000,
        "cycles" : 7478290753,
        "cache-references" : 104810994,
        "cache-misses" : 38863561
      }
    ]
  }
}
