{
  "from" : 100,
  "to" : 2000,
  "step" : 50,
  "seed" : 42,
  "calibration" : "off",
  "userflags" : "-DNDEBUG -DLOG_PREFIX=\"nargin\" -fno-tree-vectorize -O2",
  "git-revision" : "c374a4f Merge branch 'master' of https://www.github.com/d-s-d/FNC14-BST",
  "runs" : {
    "opt/bst_115_block_unroll_16.c:1" : [
      {
        "N" : 100,
        "flops" : 525200,
        "cycles" : 922088,
        "cache-references" : 925,
        "cache-misses" : 60
      },
      {
        "N" : 150,
        "flops" : 1744050,
        "cycles" : 2873259,
        "cache-references" : 2431,
        "cache-misses" : 13
      },
      {
        "N" : 200,
        "flops" : 4100400,
        "cycles" : 6809139,
        "cache-references" : 26705,
        "cache-misses" : 535
      },
      {
        "N" : 250,
        "flops" : 7969250,
        "cycles" : 11316031,
        "cache-references" : 62251,
        "cache-misses" : 2248
      },
      {
        "N" : 300,
        "flops" : 13725600,
        "cycles" : 19266464,
        "cache-references" : 188349,
        "cache-misses" : 10155
      },
      {
        "N" : 350,
        "flops" : 21744450,
        "cycles" : 28309150,
        "cache-references" : 291430,
        "cache-misses" : 3949
      },
      {
        "N" : 400,
        "flops" : 32400800,
        "cycles" : 43451436,
        "cache-references" : 545290,
        "cache-misses" : 14359
      },
      {
        "N" : 450,
        "flops" : 46069650,
        "cycles" : 59297943,
        "cache-references" : 664599,
        "cache-misses" : 16224
      },
      {
        "N" : 500,
        "flops" : 63126000,
        "cycles" : 81433956,
        "cache-references" : 738815,
        "cache-misses" : 22800
      },
      {
        "N" : 550,
        "flops" : 83944850,
        "cycles" : 104942622,
        "cache-references" : 806671,
        "cache-misses" : 22134
      },
      {
        "N" : 600,
        "flops" : 108901200,
        "cycles" : 133634751,
        "cache-references" : 1108949,
        "cache-misses" : 28847
      },
      {
        "N" : 650,
        "flops" : 138370050,
        "cycles" : 167950750,
        "cache-references" : 1299617,
        "cache-misses" : 44574
      },
      {
        "N" : 700,
        "flops" : 172726400,
        "cycles" : 206160764,
        "cache-references" : 1099481,
        "cache-misses" : 50095
      },
      {
        "N" : 750,
        "flops" : 212345250,
        "cycles" : 249720629,
        "cache-references" : 1218507,
        "cache-misses" : 54520
      },
      {
        "N" : 800,
        "flops" : 257601600,
        "cycles" : 309756778,
        "cache-references" : 1635414,
        "cache-misses" : 170381
      },
      {
        "N" : 850,
        "flops" : 308870450,
        "cycles" : 363194936,
        "cache-references" : 1666720,
        "cache-misses" : 149896
      },
      {
        "N" : 900,
        "flops" : 366526800,
        "cycles" : 433318503,
        "cache-references" : 2217386,
        "cache-misses" : 261596
      },
      {
        "N" : 950,
        "flops" : 430945650,
        "cycles" : 531244460,
        "cache-references" : 2785322,
        "cache-misses" : 633085
      },
      {
        "N" : 1000,
        "flops" : 502502000,
        "cycles" : 630193898,
        "cache-references" : 4041186,
        "cache-misses" : 963856
      },
      {
        "N" : 1050,
        "flops" : 581570850,
        "cycles" : 759476781,
        "cache-references" : 3856705,
        "cache-misses" : 973358
      },
      {
        "N" : 1100,
        "flops" : 668527200,
        "cycles" : 828577364,
        "cache-references" : 4780942,
        "cache-misses" : 1349064
      },
      {
        "N" : 1150,
        "flops" : 763746050,
        "cycles" : 959464680,
        "cache-references" : 5862790,
        "cache-misses" : 1682673
      },
      {
        "N" : 1200,
        "flops" : 867602400,
        "cycles" : 1131493806,
        "cache-references" : 7815982,
        "cache-misses" : 2632256
      },
      {
        "N" : 1250,
        "flops" : 980471250,
        "cycles" : 1207072814,
        "cache-references" : 10097694,
        "cache-misses" : 2039590
      },
      {
        "N" : 1300,
        "flops" : 1102727600,
        "cycles" : 1386451570,
        "cache-references" : 10369640,
        "cache-misses" : 3102267
      },
      {
        "N" : 1350,
        "flops" : 1234746450,
        "cycles" : 1539654720,
        "cache-references" : 11510261,
        "cache-misses" : 3480020
      },
      {
        "N" : 1400,
        "flops" : 1376902800,
        "cycles" : 1684321746,
        "cache-references" : 14930653,
        "cache-misses" : 2844669
      },
      {
        "N" : 1450,
        "flops" : 1529571650,
        "cycles" : 1901700767,
        "cache-references" : 15424966,
        "cache-misses" : 3549775
      },
      {
        "N" : 1500,
        "flops" : 1693128000,
        "cycles" : 2167675764,
        "cache-references" : 20334951,
        "cache-misses" : 5426103
      },
      {
        "N" : 1550,
        "flops" : 1867946850,
        "cycles" : 2458083999,
        "cache-references" : 22389373,
        "cache-misses" : 7445926
      },
      {
        "N" : 1600,
        "flops" : 2054403200,
        "cycles" : 2642631890,
        "cache-references" : 22829991,
        "cache-misses" : 7223255
      },
      {
        "N" : 1650,
        "flops" : 2252872050,
        "cycles" : 2908633595,
        "cache-references" : 26413983,
        "cache-misses" : 8454542
      },
      {
        "N" : 1700,
        "flops" : 2463728400,
        "cycles" : 3151222799,
        "cache-references" : 29647868,
        "cache-misses" : 9351568
      },
      {
        "N" : 1750,
        "flops" : 2687347250,
        "cycles" : 3238359324,
        "cache-references" : 30975328,
        "cache-misses" : 5636713
      },
      {
        "N" : 1800,
        "flops" : 2924103600,
        "cycles" : 3741154478,
        "cache-references" : 39257736,
        "cache-misses" : 10152867
      },
      {
        "N" : 1850,
        "flops" : 3174372450,
        "cycles" : 4068477894,
        "cache-references" : 39684139,
        "cache-misses" : 11516383
      },
      {
        "N" : 1900,
        "flops" : 3438528800,
        "cycles" : 4119820412,
        "cache-references" : 42819725,
        "cache-misses" : 7408110
      },
      {
        "N" : 1950,
        "flops" : 3716947650,
        "cycles" : 4724324037,
        "cache-references" : 47208075,
        "cache-misses" : 13634633
      },
      {
        "N" : 2000,
        "flops" : 4010004000,
        "cycles" : 4892581311,
        "cache-references" : 53513611,
        "cache-misses" : 10108684
      }
    ],
    "opt/bst_112_new_index.c:1" : [
      {
        "N" : 100,
        "flops" : 525200,
        "cycles" : 839104,
        "cache-references" : 61,
        "cache-misses" : 30
      },
      {
        "N" : 150,
        "flops" : 1744050,
        "cycles" : 2471306,
        "cache-references" : 652,
        "cache-misses" : 7
      },
      {
        "N" : 200,
        "flops" : 4100400,
        "cycles" : 5439518,
        "cache-references" : 2721,
        "cache-misses" : 3
      },
      {
        "N" : 250,
        "flops" : 7969250,
        "cycles" : 10089473,
        "cache-references" : 7247,
        "cache-misses" : 0
      },
      {
        "N" : 300,
        "flops" : 13725600,
        "cycles" : 16791635,
        "cache-references" : 11163,
        "cache-misses" : 1
      },
      {
        "N" : 350,
        "flops" : 21744450,
        "cycles" : 26297833,
        "cache-references" : 21312,
        "cache-misses" : 2071
      },
      {
        "N" : 400,
        "flops" : 32400800,
        "cycles" : 46906732,
        "cache-references" : 88713,
        "cache-misses" : 4968
      },
      {
        "N" : 450,
        "flops" : 46069650,
        "cycles" : 53293040,
        "cache-references" : 52671,
        "cache-misses" : 1318
      },
      {
        "N" : 500,
        "flops" : 63126000,
        "cycles" : 77440833,
        "cache-references" : 120695,
        "cache-misses" : 10354
      },
      {
        "N" : 550,
        "flops" : 83944850,
        "cycles" : 100520252,
        "cache-references" : 136101,
        "cache-misses" : 13708
      },
      {
        "N" : 600,
        "flops" : 108901200,
        "cycles" : 128177989,
        "cache-references" : 169172,
        "cache-misses" : 16652
      },
      {
        "N" : 650,
        "flops" : 138370050,
        "cycles" : 159889631,
        "cache-references" : 205971,
        "cache-misses" : 17427
      },
      {
        "N" : 700,
        "flops" : 172726400,
        "cycles" : 199302905,
        "cache-references" : 243608,
        "cache-misses" : 28398
      },
      {
        "N" : 750,
        "flops" : 212345250,
        "cycles" : 242911701,
        "cache-references" : 286550,
        "cache-misses" : 35297
      },
      {
        "N" : 800,
        "flops" : 257601600,
        "cycles" : 290763233,
        "cache-references" : 332396,
        "cache-misses" : 38186
      },
      {
        "N" : 850,
        "flops" : 308870450,
        "cycles" : 345421017,
        "cache-references" : 394611,
        "cache-misses" : 41169
      },
      {
        "N" : 900,
        "flops" : 366526800,
        "cycles" : 407397111,
        "cache-references" : 488658,
        "cache-misses" : 55135
      },
      {
        "N" : 950,
        "flops" : 430945650,
        "cycles" : 487476958,
        "cache-references" : 734829,
        "cache-misses" : 85142
      },
      {
        "N" : 1000,
        "flops" : 502502000,
        "cycles" : 556121082,
        "cache-references" : 955852,
        "cache-misses" : 114134
      },
      {
        "N" : 1050,
        "flops" : 581570850,
        "cycles" : 644127062,
        "cache-references" : 1773570,
        "cache-misses" : 222715
      },
      {
        "N" : 1100,
        "flops" : 668527200,
        "cycles" : 737527837,
        "cache-references" : 2155655,
        "cache-misses" : 252676
      },
      {
        "N" : 1150,
        "flops" : 763746050,
        "cycles" : 842905927,
        "cache-references" : 2769973,
        "cache-misses" : 341550
      },
      {
        "N" : 1200,
        "flops" : 867602400,
        "cycles" : 957420490,
        "cache-references" : 3500896,
        "cache-misses" : 431719
      },
      {
        "N" : 1250,
        "flops" : 980471250,
        "cycles" : 1083573809,
        "cache-references" : 4616446,
        "cache-misses" : 581501
      },
      {
        "N" : 1300,
        "flops" : 1102727600,
        "cycles" : 1216929388,
        "cache-references" : 6010165,
        "cache-misses" : 740371
      },
      {
        "N" : 1350,
        "flops" : 1234746450,
        "cycles" : 1367314223,
        "cache-references" : 7624680,
        "cache-misses" : 967501
      },
      {
        "N" : 1400,
        "flops" : 1376902800,
        "cycles" : 1524656801,
        "cache-references" : 9466965,
        "cache-misses" : 1230813
      },
      {
        "N" : 1450,
        "flops" : 1529571650,
        "cycles" : 1693504522,
        "cache-references" : 11019805,
        "cache-misses" : 1379555
      },
      {
        "N" : 1500,
        "flops" : 1693128000,
        "cycles" : 1870573308,
        "cache-references" : 13278518,
        "cache-misses" : 1670399
      },
      {
        "N" : 1550,
        "flops" : 1867946850,
        "cycles" : 2065198891,
        "cache-references" : 15842281,
        "cache-misses" : 2037513
      },
      {
        "N" : 1600,
        "flops" : 2054403200,
        "cycles" : 2276776696,
        "cache-references" : 18306660,
        "cache-misses" : 2364787
      },
      {
        "N" : 1650,
        "flops" : 2252872050,
        "cycles" : 2488673140,
        "cache-references" : 20892824,
        "cache-misses" : 2772707
      },
      {
        "N" : 1700,
        "flops" : 2463728400,
        "cycles" : 2723806369,
        "cache-references" : 23284953,
        "cache-misses" : 3100366
      },
      {
        "N" : 1750,
        "flops" : 2687347250,
        "cycles" : 2976496772,
        "cache-references" : 26544201,
        "cache-misses" : 3658677
      },
      {
        "N" : 1800,
        "flops" : 2924103600,
        "cycles" : 3238733009,
        "cache-references" : 30874470,
        "cache-misses" : 4333865
      },
      {
        "N" : 1850,
        "flops" : 3174372450,
        "cycles" : 3512839467,
        "cache-references" : 33845438,
        "cache-misses" : 4659862
      },
      {
        "N" : 1900,
        "flops" : 3438528800,
        "cycles" : 3862043185,
        "cache-references" : 37933280,
        "cache-misses" : 5543223
      },
      {
        "N" : 1950,
        "flops" : 3716947650,
        "cycles" : 4118243931,
        "cache-references" : 40163779,
        "cache-misses" : 5425657
      },
      {
        "N" : 2000,
        "flops" : 4010004000,
        "cycles" : 4437848459,
        "cache-references" : 44606968,
        "cache-misses" : 6243438
      }
    ],
    "opt/bst_114_block_unroll_8.c:1" : [
      {
        "N" : 100,
        "flops" : 525200,
        "cycles" : 822108,
        "cache-references" : 483,
        "cache-misses" : 287
      },
      {
        "N" : 150,
        "flops" : 1744050,
        "cycles" : 2332951,
        "cache-references" : 2009,
        "cache-misses" : 204
      },
      {
        "N" : 200,
        "flops" : 4100400,
        "cycles" : 5191893,
        "cache-references" : 18193,
        "cache-misses" : 210
      },
      {
        "N" : 250,
        "flops" : 7969250,
        "cycles" : 9686102,
        "cache-references" : 61951,
        "cache-misses" : 294
      },
      {
        "N" : 300,
        "flops" : 13725600,
        "cycles" : 16277288,
        "cache-references" : 166692,
        "cache-misses" : 257
      },
      {
        "N" : 350,
        "flops" : 21744450,
        "cycles" : 25590186,
        "cache-references" : 269419,
        "cache-misses" : 3530
      },
      {
        "N" : 400,
        "flops" : 32400800,
        "cycles" : 42398958,
        "cache-references" : 441967,
        "cache-misses" : 13975
      },
      {
        "N" : 450,
        "flops" : 46069650,
        "cycles" : 52462177,
        "cache-references" : 443889,
        "cache-misses" : 8441
      },
      {
        "N" : 500,
        "flops" : 63126000,
        "cycles" : 77606326,
        "cache-references" : 661632,
        "cache-misses" : 22092
      },
      {
        "N" : 550,
        "flops" : 83944850,
        "cycles" : 100382862,
        "cache-references" : 843962,
        "cache-misses" : 30923
      },
      {
        "N" : 600,
        "flops" : 108901200,
        "cycles" : 127467797,
        "cache-references" : 1078883,
        "cache-misses" : 36959
      },
      {
        "N" : 650,
        "flops" : 138370050,
        "cycles" : 158715445,
        "cache-references" : 1145570,
        "cache-misses" : 36071
      },
      {
        "N" : 700,
        "flops" : 172726400,
        "cycles" : 196409739,
        "cache-references" : 1246122,
        "cache-misses" : 58958
      },
      {
        "N" : 750,
        "flops" : 212345250,
        "cycles" : 240646538,
        "cache-references" : 1419658,
        "cache-misses" : 83976
      },
      {
        "N" : 800,
        "flops" : 257601600,
        "cycles" : 291352702,
        "cache-references" : 1652136,
        "cache-misses" : 117216
      },
      {
        "N" : 850,
        "flops" : 308870450,
        "cycles" : 346859522,
        "cache-references" : 1920843,
        "cache-misses" : 159031
      },
      {
        "N" : 900,
        "flops" : 366526800,
        "cycles" : 410688963,
        "cache-references" : 2256852,
        "cache-misses" : 224735
      },
      {
        "N" : 950,
        "flops" : 430945650,
        "cycles" : 484671810,
        "cache-references" : 2445059,
        "cache-misses" : 357002
      },
      {
        "N" : 1000,
        "flops" : 502502000,
        "cycles" : 570136800,
        "cache-references" : 3248940,
        "cache-misses" : 647827
      },
      {
        "N" : 1050,
        "flops" : 581570850,
        "cycles" : 659098370,
        "cache-references" : 3954230,
        "cache-misses" : 823712
      },
      {
        "N" : 1100,
        "flops" : 668527200,
        "cycles" : 759889527,
        "cache-references" : 4111744,
        "cache-misses" : 1067407
      },
      {
        "N" : 1150,
        "flops" : 763746050,
        "cycles" : 878598752,
        "cache-references" : 5174171,
        "cache-misses" : 1487942
      },
      {
        "N" : 1200,
        "flops" : 867602400,
        "cycles" : 994996352,
        "cache-references" : 6461775,
        "cache-misses" : 1655113
      },
      {
        "N" : 1250,
        "flops" : 980471250,
        "cycles" : 1119349801,
        "cache-references" : 7180570,
        "cache-misses" : 1946360
      },
      {
        "N" : 1300,
        "flops" : 1102727600,
        "cycles" : 1262356146,
        "cache-references" : 8618699,
        "cache-misses" : 2503105
      },
      {
        "N" : 1350,
        "flops" : 1234746450,
        "cycles" : 1414043558,
        "cache-references" : 10710957,
        "cache-misses" : 2971077
      },
      {
        "N" : 1400,
        "flops" : 1376902800,
        "cycles" : 1584157292,
        "cache-references" : 12417799,
        "cache-misses" : 3616619
      },
      {
        "N" : 1450,
        "flops" : 1529571650,
        "cycles" : 1840313772,
        "cache-references" : 14923521,
        "cache-misses" : 4524123
      },
      {
        "N" : 1500,
        "flops" : 1693128000,
        "cycles" : 1989682204,
        "cache-references" : 17612112,
        "cache-misses" : 5406373
      },
      {
        "N" : 1550,
        "flops" : 1867946850,
        "cycles" : 2233508152,
        "cache-references" : 24008401,
        "cache-misses" : 7570118
      },
      {
        "N" : 1600,
        "flops" : 2054403200,
        "cycles" : 2379687428,
        "cache-references" : 22573759,
        "cache-misses" : 6036501
      },
      {
        "N" : 1650,
        "flops" : 2252872050,
        "cycles" : 2633434369,
        "cache-references" : 25911507,
        "cache-misses" : 6956330
      },
      {
        "N" : 1700,
        "flops" : 2463728400,
        "cycles" : 2937686412,
        "cache-references" : 29967460,
        "cache-misses" : 8300735
      },
      {
        "N" : 1750,
        "flops" : 2687347250,
        "cycles" : 3138716387,
        "cache-references" : 32899982,
        "cache-misses" : 9035984
      },
      {
        "N" : 1800,
        "flops" : 2924103600,
        "cycles" : 3478914725,
        "cache-references" : 39713708,
        "cache-misses" : 10591822
      },
      {
        "N" : 1850,
        "flops" : 3174372450,
        "cycles" : 3640408532,
        "cache-references" : 37304421,
        "cache-misses" : 7830763
      },
      {
        "N" : 1900,
        "flops" : 3438528800,
        "cycles" : 3958796649,
        "cache-references" : 39653547,
        "cache-misses" : 9461700
      },
      {
        "N" : 1950,
        "flops" : 3716947650,
        "cycles" : 4261511528,
        "cache-references" : 45867588,
        "cache-misses" : 9699508
      },
      {
        "N" : 2000,
        "flops" : 4010004000,
        "cycles" : 4584175535,
        "cache-references" : 49730589,
        "cache-misses" : 10400150
      }
    ],
    "opt/bst_113_strength_red.c:1" : [
      {
        "N" : 100,
        "flops" : 525200,
        "cycles" : 804965,
        "cache-references" : 248,
        "cache-misses" : 198
      },
      {
        "N" : 150,
        "flops" : 1744050,
        "cycles" : 2384374,
        "cache-references" : 918,
        "cache-misses" : 127
      },
      {
        "N" : 200,
        "flops" : 4100400,
        "cycles" : 5315764,
        "cache-references" : 2331,
        "cache-misses" : 299
      },
      {
        "N" : 250,
        "flops" : 7969250,
        "cycles" : 9775619,
        "cache-references" : 9309,
        "cache-misses" : 262
      },
      {
        "N" : 300,
        "flops" : 13725600,
        "cycles" : 16328516,
        "cache-references" : 11647,
        "cache-misses" : 203
      },
      {
        "N" : 350,
        "flops" : 21744450,
        "cycles" : 25622102,
        "cache-references" : 23477,
        "cache-misses" : 3785
      },
      {
        "N" : 400,
        "flops" : 32400800,
        "cycles" : 42992464,
        "cache-references" : 92544,
        "cache-misses" : 7636
      },
      {
        "N" : 450,
        "flops" : 46069650,
        "cycles" : 53504728,
        "cache-references" : 47998,
        "cache-misses" : 2126
      },
      {
        "N" : 500,
        "flops" : 63126000,
        "cycles" : 80653454,
        "cache-references" : 124764,
        "cache-misses" : 11036
      },
      {
        "N" : 550,
        "flops" : 83944850,
        "cycles" : 99071265,
        "cache-references" : 148091,
        "cache-misses" : 15144
      },
      {
        "N" : 600,
        "flops" : 108901200,
        "cycles" : 126485589,
        "cache-references" : 178946,
        "cache-misses" : 19429
      },
      {
        "N" : 650,
        "flops" : 138370050,
        "cycles" : 157346169,
        "cache-references" : 219372,
        "cache-misses" : 18855
      },
      {
        "N" : 700,
        "flops" : 172726400,
        "cycles" : 196305176,
        "cache-references" : 249673,
        "cache-misses" : 32222
      },
      {
        "N" : 750,
        "flops" : 212345250,
        "cycles" : 238239607,
        "cache-references" : 291749,
        "cache-misses" : 33444
      },
      {
        "N" : 800,
        "flops" : 257601600,
        "cycles" : 291105603,
        "cache-references" : 339787,
        "cache-misses" : 37543
      },
      {
        "N" : 850,
        "flops" : 308870450,
        "cycles" : 340253199,
        "cache-references" : 423550,
        "cache-misses" : 49987
      },
      {
        "N" : 900,
        "flops" : 366526800,
        "cycles" : 399210544,
        "cache-references" : 503014,
        "cache-misses" : 45748
      },
      {
        "N" : 950,
        "flops" : 430945650,
        "cycles" : 471140576,
        "cache-references" : 684019,
        "cache-misses" : 68447
      },
      {
        "N" : 1000,
        "flops" : 502502000,
        "cycles" : 550275295,
        "cache-references" : 945889,
        "cache-misses" : 111109
      },
      {
        "N" : 1050,
        "flops" : 581570850,
        "cycles" : 632814753,
        "cache-references" : 1384303,
        "cache-misses" : 181729
      },
      {
        "N" : 1100,
        "flops" : 668527200,
        "cycles" : 723567128,
        "cache-references" : 2095991,
        "cache-misses" : 306767
      },
      {
        "N" : 1150,
        "flops" : 763746050,
        "cycles" : 831149517,
        "cache-references" : 3037339,
        "cache-misses" : 467430
      },
      {
        "N" : 1200,
        "flops" : 867602400,
        "cycles" : 941309129,
        "cache-references" : 4140854,
        "cache-misses" : 651444
      },
      {
        "N" : 1250,
        "flops" : 980471250,
        "cycles" : 1066669728,
        "cache-references" : 5539447,
        "cache-misses" : 882108
      },
      {
        "N" : 1300,
        "flops" : 1102727600,
        "cycles" : 1199111846,
        "cache-references" : 7161249,
        "cache-misses" : 1154256
      },
      {
        "N" : 1350,
        "flops" : 1234746450,
        "cycles" : 1353867986,
        "cache-references" : 8737723,
        "cache-misses" : 1395507
      },
      {
        "N" : 1400,
        "flops" : 1376902800,
        "cycles" : 1526785017,
        "cache-references" : 11159986,
        "cache-misses" : 1841054
      },
      {
        "N" : 1450,
        "flops" : 1529571650,
        "cycles" : 1673460338,
        "cache-references" : 12604448,
        "cache-misses" : 1992761
      },
      {
        "N" : 1500,
        "flops" : 1693128000,
        "cycles" : 1854378648,
        "cache-references" : 14867224,
        "cache-misses" : 2339688
      },
      {
        "N" : 1550,
        "flops" : 1867946850,
        "cycles" : 2050985732,
        "cache-references" : 15354274,
        "cache-misses" : 1971275
      },
      {
        "N" : 1600,
        "flops" : 2054403200,
        "cycles" : 2257519009,
        "cache-references" : 17708304,
        "cache-misses" : 2307795
      },
      {
        "N" : 1650,
        "flops" : 2252872050,
        "cycles" : 2475972886,
        "cache-references" : 20350346,
        "cache-misses" : 2667096
      },
      {
        "N" : 1700,
        "flops" : 2463728400,
        "cycles" : 2710423006,
        "cache-references" : 23749536,
        "cache-misses" : 3308276
      },
      {
        "N" : 1750,
        "flops" : 2687347250,
        "cycles" : 2981444802,
        "cache-references" : 26375554,
        "cache-misses" : 3593660
      },
      {
        "N" : 1800,
        "flops" : 2924103600,
        "cycles" : 3248632728,
        "cache-references" : 30100504,
        "cache-misses" : 4017527
      },
      {
        "N" : 1850,
        "flops" : 3174372450,
        "cycles" : 3482611010,
        "cache-references" : 33675056,
        "cache-misses" : 4542042
      },
      {
        "N" : 1900,
        "flops" : 3438528800,
        "cycles" : 3777820590,
        "cache-references" : 37533559,
        "cache-misses" : 5113014
      },
      {
        "N" : 1950,
        "flops" : 3716947650,
        "cycles" : 4080965521,
        "cache-references" : 41722509,
        "cache-misses" : 5762610
      },
      {
        "N" : 2000,
        "flops" : 4010004000,
        "cycles" : 4400668391,
        "cache-references" : 46132067,
        "cache-misses" : 6395135
      }
    ]
  }
}
