{
  "from" : 1500,
  "to" : 3000,
  "step" : 100,
  "seed" : 42,
  "calibration" : "off",
  "userflags" : "-DNDEBUG -DLOG_PREFIX=\"nargin\" -fno-tree-vectorize -O2",
  "git-revision" : "23c4ec4 simplifications",
  "runs" : {
    "opt/bst_102_blocking_orig.c:1" : [
      {
        "N" : 1500,
        "cycles" : 2058746453,
        "cache-references" : 21874391,
        "cache-misses" : 7194892
      },
      {
        "N" : 1600,
        "cycles" : 2587250476,
        "cache-references" : 31005189,
        "cache-misses" : 11715177
      },
      {
        "N" : 1700,
        "cycles" : 3095488725,
        "cache-references" : 34439599,
        "cache-misses" : 14762259
      },
      {
        "N" : 1800,
        "cycles" : 3613850283,
        "cache-references" : 40903370,
        "cache-misses" : 16988879
      },
      {
        "N" : 1900,
        "cycles" : 4187191501,
        "cache-references" : 52880324,
        "cache-misses" : 16885689
      },
      {
        "N" : 2000,
        "cycles" : 4993636462,
        "cache-references" : 59485139,
        "cache-misses" : 24284156
      },
      {
        "N" : 2100,
        "cycles" : 5705162932,
        "cache-references" : 71478219,
        "cache-misses" : 25325385
      },
      {
        "N" : 2200,
        "cycles" : 6488819200,
        "cache-references" : 87067638,
        "cache-misses" : 29803858
      },
      {
        "N" : 2300,
        "cycles" : 7443440456,
        "cache-references" : 91362369,
        "cache-misses" : 31046671
      },
      {
        "N" : 2400,
        "cycles" : 8434641406,
        "cache-references" : 106397186,
        "cache-misses" : 35778753
      },
      {
        "N" : 2500,
        "cycles" : 9530431713,
        "cache-references" : 123717734,
        "cache-misses" : 42386771
      },
      {
        "N" : 2600,
        "cycles" : 10662158608,
        "cache-references" : 139037616,
        "cache-misses" : 46663743
      },
      {
        "N" : 2700,
        "cycles" : 12035776808,
        "cache-references" : 158029600,
        "cache-misses" : 55735135
      },
      {
        "N" : 2800,
        "cycles" : 13324981093,
        "cache-references" : 174711907,
        "cache-misses" : 57931786
      },
      {
        "N" : 2900,
        "cycles" : 14702271952,
        "cache-references" : 196446975,
        "cache-misses" : 63095309
      },
      {
        "N" : 3000,
        "cycles" : 16418528067,
        "cache-references" : 203651240,
        "cache-misses" : 61464387
      }
    ],
    "opt/bst_102_blocking.c:1" : [
      {
        "N" : 1500,
        "cycles" : 2061401511,
        "cache-references" : 19970880,
        "cache-misses" : 8133159
      },
      {
        "N" : 1600,
        "cycles" : 2497682183,
        "cache-references" : 25644940,
        "cache-misses" : 10072069
      },
      {
        "N" : 1700,
        "cycles" : 2995497179,
        "cache-references" : 34177583,
        "cache-misses" : 12988135
      },
      {
        "N" : 1800,
        "cycles" : 3556770695,
        "cache-references" : 41138825,
        "cache-misses" : 15515775
      },
      {
        "N" : 1900,
        "cycles" : 4258708947,
        "cache-references" : 48347995,
        "cache-misses" : 18086468
      },
      {
        "N" : 2000,
        "cycles" : 4961722491,
        "cache-references" : 61347064,
        "cache-misses" : 23715265
      },
      {
        "N" : 2100,
        "cycles" : 5823369385,
        "cache-references" : 68357038,
        "cache-misses" : 25696896
      },
      {
        "N" : 2200,
        "cycles" : 6552737636,
        "cache-references" : 80458662,
        "cache-misses" : 27503286
      },
      {
        "N" : 2300,
        "cycles" : 7445328164,
        "cache-references" : 94227649,
        "cache-misses" : 33831744
      },
      {
        "N" : 2400,
        "cycles" : 8386891829,
        "cache-references" : 104430618,
        "cache-misses" : 34186388
      },
      {
        "N" : 2500,
        "cycles" : 9950129592,
        "cache-references" : 116690764,
        "cache-misses" : 40572403
      },
      {
        "N" : 2600,
        "cycles" : 10742445803,
        "cache-references" : 133549532,
        "cache-misses" : 44522725
      },
      {
        "N" : 2700,
        "cycles" : 11899039047,
        "cache-references" : 153408337,
        "cache-misses" : 49251220
      },
      {
        "N" : 2800,
        "cycles" : 13214991131,
        "cache-references" : 167961698,
        "cache-misses" : 52746978
      },
      {
        "N" : 2900,
        "cycles" : 14671982216,
        "cache-references" : 187817393,
        "cache-misses" : 59628729
      },
      {
        "N" : 3000,
        "cycles" : 16031142849,
        "cache-references" : 204926233,
        "cache-misses" : 61218984
      }
    ],
    "opt/bst_106_scalar_rep_transp.c:1" : [
      {
        "N" : 1500,
        "cycles" : 2151003546,
        "cache-references" : 21134579,
        "cache-misses" : 8163644
      },
      {
        "N" : 1600,
        "cycles" : 2636423515,
        "cache-references" : 28084241,
        "cache-misses" : 11116450
      },
      {
        "N" : 1700,
        "cycles" : 3192419253,
        "cache-references" : 34471569,
        "cache-misses" : 13251268
      },
      {
        "N" : 1800,
        "cycles" : 3704865988,
        "cache-references" : 43079950,
        "cache-misses" : 16074408
      },
      {
        "N" : 1900,
        "cycles" : 4491601280,
        "cache-references" : 54417310,
        "cache-misses" : 20882994
      },
      {
        "N" : 2000,
        "cycles" : 5469044695,
        "cache-references" : 61399553,
        "cache-misses" : 23652572
      },
      {
        "N" : 2100,
        "cycles" : 6941123895,
        "cache-references" : 66264249,
        "cache-misses" : 24692891
      },
      {
        "N" : 2200,
        "cycles" : 6922996024,
        "cache-references" : 86502265,
        "cache-misses" : 31652338
      },
      {
        "N" : 2300,
        "cycles" : 7822766956,
        "cache-references" : 101266727,
        "cache-misses" : 36477554
      },
      {
        "N" : 2400,
        "cycles" : 8893987053,
        "cache-references" : 119123230,
        "cache-misses" : 42384351
      },
      {
        "N" : 2500,
        "cycles" : 10161922322,
        "cache-references" : 127163029,
        "cache-misses" : 44040700
      },
      {
        "N" : 2600,
        "cycles" : 11177476806,
        "cache-references" : 144243417,
        "cache-misses" : 49392113
      },
      {
        "N" : 2700,
        "cycles" : 13369357729,
        "cache-references" : 150862037,
        "cache-misses" : 52204053
      },
      {
        "N" : 2800,
        "cycles" : 14133848984,
        "cache-references" : 180775716,
        "cache-misses" : 60673068
      },
      {
        "N" : 2900,
        "cycles" : 15788310960,
        "cache-references" : 194985727,
        "cache-misses" : 64877658
      },
      {
        "N" : 3000,
        "cycles" : 17020305237,
        "cache-references" : 223954189,
        "cache-misses" : 73528543
      }
    ],
    "opt/bst_107_weight_opt.c:1" : [
      {
        "N" : 1500,
        "cycles" : 2174962525,
        "cache-references" : 20716884,
        "cache-misses" : 8265015
      },
      {
        "N" : 1600,
        "cycles" : 2617265793,
        "cache-references" : 26779640,
        "cache-misses" : 10374723
      },
      {
        "N" : 1700,
        "cycles" : 3158093752,
        "cache-references" : 34152128,
        "cache-misses" : 13226396
      },
      {
        "N" : 1800,
        "cycles" : 3819648033,
        "cache-references" : 42713824,
        "cache-misses" : 16250000
      },
      {
        "N" : 1900,
        "cycles" : 4418511236,
        "cache-references" : 51584509,
        "cache-misses" : 19422684
      },
      {
        "N" : 2000,
        "cycles" : 5076689189,
        "cache-references" : 60303183,
        "cache-misses" : 21925407
      },
      {
        "N" : 2100,
        "cycles" : 5855287782,
        "cache-references" : 75321362,
        "cache-misses" : 27642513
      },
      {
        "N" : 2200,
        "cycles" : 6771077185,
        "cache-references" : 84928997,
        "cache-misses" : 30195984
      },
      {
        "N" : 2300,
        "cycles" : 7755059659,
        "cache-references" : 97259036,
        "cache-misses" : 34239814
      },
      {
        "N" : 2400,
        "cycles" : 8859762268,
        "cache-references" : 109343768,
        "cache-misses" : 38596521
      },
      {
        "N" : 2500,
        "cycles" : 9982736458,
        "cache-references" : 124395911,
        "cache-misses" : 43177710
      },
      {
        "N" : 2600,
        "cycles" : 11170042131,
        "cache-references" : 143868308,
        "cache-misses" : 49329990
      },
      {
        "N" : 2700,
        "cycles" : 12616221866,
        "cache-references" : 160172075,
        "cache-misses" : 55005698
      },
      {
        "N" : 2800,
        "cycles" : 13968379440,
        "cache-references" : 180556487,
        "cache-misses" : 60933519
      },
      {
        "N" : 2900,
        "cycles" : 15229538154,
        "cache-references" : 201999840,
        "cache-misses" : 67825976
      },
      {
        "N" : 3000,
        "cycles" : 16909080247,
        "cache-references" : 219476376,
        "cache-misses" : 71250721
      }
    ],
    "opt/bst_108_root_opt.c:1" : [
      {
        "N" : 1500,
        "cycles" : 2169499517,
        "cache-references" : 23210008,
        "cache-misses" : 8858185
      },
      {
        "N" : 1600,
        "cycles" : 2656489721,
        "cache-references" : 29195504,
        "cache-misses" : 11490814
      },
      {
        "N" : 1700,
        "cycles" : 3145428666,
        "cache-references" : 34570683,
        "cache-misses" : 13561239
      },
      {
        "N" : 1800,
        "cycles" : 3749431941,
        "cache-references" : 42349018,
        "cache-misses" : 16457616
      },
      {
        "N" : 1900,
        "cycles" : 4348513024,
        "cache-references" : 50126383,
        "cache-misses" : 18378059
      },
      {
        "N" : 2000,
        "cycles" : 5065623812,
        "cache-references" : 65934066,
        "cache-misses" : 24031679
      },
      {
        "N" : 2100,
        "cycles" : 5877344299,
        "cache-references" : 72167908,
        "cache-misses" : 26109483
      },
      {
        "N" : 2200,
        "cycles" : 6779292382,
        "cache-references" : 84291443,
        "cache-misses" : 29982819
      },
      {
        "N" : 2300,
        "cycles" : 7644559054,
        "cache-references" : 100158699,
        "cache-misses" : 35744420
      },
      {
        "N" : 2400,
        "cycles" : 8678480780,
        "cache-references" : 112637165,
        "cache-misses" : 38995540
      },
      {
        "N" : 2500,
        "cycles" : 9760509778,
        "cache-references" : 130733472,
        "cache-misses" : 44637858
      },
      {
        "N" : 2600,
        "cycles" : 10997629845,
        "cache-references" : 139227673,
        "cache-misses" : 46489829
      },
      {
        "N" : 2700,
        "cycles" : 12270607631,
        "cache-references" : 161614147,
        "cache-misses" : 53748754
      },
      {
        "N" : 2800,
        "cycles" : 13726231152,
        "cache-references" : 182777154,
        "cache-misses" : 62071048
      },
      {
        "N" : 2900,
        "cycles" : 15220759155,
        "cache-references" : 204855800,
        "cache-misses" : 69286651
      },
      {
        "N" : 3000,
        "cycles" : 16870478030,
        "cache-references" : 224617348,
        "cache-misses" : 74983558
      }
    ]
  }
}
