{
  "from" : 500,
  "to" : 2000,
  "step" : 50,
  "seed" : 42,
  "calibration" : "off",
  "userflags" : "-DNDEBUG -DLOG_PREFIX=\"nargin\" -fno-tree-vectorize -O2",
  "git-revision" : "23c4ec4 simplifications",
  "runs" : {
    "opt/bst_100_ref_bottomup.c:1" : [
      {
        "N" : 500,
        "cycles" : 127181735,
        "cache-references" : 2683405,
        "cache-misses" : 46659
      },
      {
        "N" : 550,
        "cycles" : 171798900,
        "cache-references" : 3614846,
        "cache-misses" : 76725
      },
      {
        "N" : 600,
        "cycles" : 226198537,
        "cache-references" : 4715242,
        "cache-misses" : 85392
      },
      {
        "N" : 650,
        "cycles" : 288509220,
        "cache-references" : 6206837,
        "cache-misses" : 110937
      },
      {
        "N" : 700,
        "cycles" : 385481210,
        "cache-references" : 7331807,
        "cache-misses" : 277981
      },
      {
        "N" : 750,
        "cycles" : 476048481,
        "cache-references" : 9132049,
        "cache-misses" : 268592
      },
      {
        "N" : 800,
        "cycles" : 532420650,
        "cache-references" : 10933325,
        "cache-misses" : 138517
      },
      {
        "N" : 850,
        "cycles" : 1074661794,
        "cache-references" : 13684866,
        "cache-misses" : 2782062
      },
      {
        "N" : 900,
        "cycles" : 1135879650,
        "cache-references" : 15694329,
        "cache-misses" : 3296733
      },
      {
        "N" : 950,
        "cycles" : 1500581268,
        "cache-references" : 21550753,
        "cache-misses" : 6732339
      },
      {
        "N" : 1000,
        "cycles" : 1484365494,
        "cache-references" : 23511883,
        "cache-misses" : 4502361
      },
      {
        "N" : 1050,
        "cycles" : 1871089411,
        "cache-references" : 42133273,
        "cache-misses" : 6454682
      },
      {
        "N" : 1100,
        "cycles" : 2083915581,
        "cache-references" : 30314586,
        "cache-misses" : 6965579
      },
      {
        "N" : 1150,
        "cycles" : 3158486391,
        "cache-references" : 32800107,
        "cache-misses" : 15309290
      },
      {
        "N" : 1200,
        "cycles" : 3883318032,
        "cache-references" : 47578478,
        "cache-misses" : 29829827
      },
      {
        "N" : 1250,
        "cycles" : 3942940009,
        "cache-references" : 47430658,
        "cache-misses" : 18191731
      },
      {
        "N" : 1300,
        "cycles" : 5029228609,
        "cache-references" : 51918385,
        "cache-misses" : 28498830
      },
      {
        "N" : 1350,
        "cycles" : 6061701590,
        "cache-references" : 68123405,
        "cache-misses" : 34743572
      },
      {
        "N" : 1400,
        "cycles" : 6524264675,
        "cache-references" : 79468960,
        "cache-misses" : 51885106
      },
      {
        "N" : 1450,
        "cycles" : 7390734549,
        "cache-references" : 90932935,
        "cache-misses" : 55490957
      },
      {
        "N" : 1500,
        "cycles" : 8938376622,
        "cache-references" : 97664644,
        "cache-misses" : 48703529
      },
      {
        "N" : 1550,
        "cycles" : 10037608664,
        "cache-references" : 111519847,
        "cache-misses" : 58117509
      },
      {
        "N" : 1600,
        "cycles" : 11876600888,
        "cache-references" : 96750690,
        "cache-misses" : 65363459
      },
      {
        "N" : 1650,
        "cycles" : 12518577065,
        "cache-references" : 115199289,
        "cache-misses" : 67649181
      },
      {
        "N" : 1700,
        "cycles" : 14385053398,
        "cache-references" : 133394383,
        "cache-misses" : 79896718
      },
      {
        "N" : 1750,
        "cycles" : 15929912213,
        "cache-references" : 145864127,
        "cache-misses" : 84134781
      },
      {
        "N" : 1800,
        "cycles" : 17777305253,
        "cache-references" : 160863942,
        "cache-misses" : 109180324
      },
      {
        "N" : 1850,
        "cycles" : 20351082684,
        "cache-references" : 267726386,
        "cache-misses" : 115544836
      },
      {
        "N" : 1900,
        "cycles" : 22299495415,
        "cache-references" : 185430421,
        "cache-misses" : 127974407
      },
      {
        "N" : 1950,
        "cycles" : 24299447586,
        "cache-references" : 323066651,
        "cache-misses" : 178991656
      },
      {
        "N" : 2000,
        "cycles" : 27480755677,
        "cache-references" : 263920351,
        "cache-misses" : 162431494
      }
    ],
    "opt/bst_101_scalar_rep.c:1" : [
      {
        "N" : 500,
        "cycles" : 86364651,
        "cache-references" : 2465224,
        "cache-misses" : 37289
      },
      {
        "N" : 550,
        "cycles" : 137784923,
        "cache-references" : 3427234,
        "cache-misses" : 119263
      },
      {
        "N" : 600,
        "cycles" : 168297574,
        "cache-references" : 4681289,
        "cache-misses" : 97450
      },
      {
        "N" : 650,
        "cycles" : 209724953,
        "cache-references" : 5888866,
        "cache-misses" : 122545
      },
      {
        "N" : 700,
        "cycles" : 272290234,
        "cache-references" : 7389709,
        "cache-misses" : 138184
      },
      {
        "N" : 750,
        "cycles" : 335004931,
        "cache-references" : 8993445,
        "cache-misses" : 128616
      },
      {
        "N" : 800,
        "cycles" : 428907488,
        "cache-references" : 10916287,
        "cache-misses" : 197112
      },
      {
        "N" : 850,
        "cycles" : 763869062,
        "cache-references" : 13020593,
        "cache-misses" : 233426
      },
      {
        "N" : 900,
        "cycles" : 593962045,
        "cache-references" : 15684500,
        "cache-misses" : 291180
      },
      {
        "N" : 950,
        "cycles" : 821952844,
        "cache-references" : 18541424,
        "cache-misses" : 1087174
      },
      {
        "N" : 1000,
        "cycles" : 951293040,
        "cache-references" : 21601560,
        "cache-misses" : 1638178
      },
      {
        "N" : 1050,
        "cycles" : 1268673664,
        "cache-references" : 25116168,
        "cache-misses" : 3613560
      },
      {
        "N" : 1100,
        "cycles" : 1555479179,
        "cache-references" : 28879085,
        "cache-misses" : 5466502
      },
      {
        "N" : 1150,
        "cycles" : 1952903488,
        "cache-references" : 33186446,
        "cache-misses" : 8315410
      },
      {
        "N" : 1200,
        "cycles" : 2374218662,
        "cache-references" : 37880654,
        "cache-misses" : 11579724
      },
      {
        "N" : 1250,
        "cycles" : 2911616423,
        "cache-references" : 42847090,
        "cache-misses" : 15638208
      },
      {
        "N" : 1300,
        "cycles" : 3401308285,
        "cache-references" : 49959327,
        "cache-misses" : 19537052
      },
      {
        "N" : 1350,
        "cycles" : 4667529935,
        "cache-references" : 56059096,
        "cache-misses" : 24883637
      },
      {
        "N" : 1400,
        "cycles" : 4875843242,
        "cache-references" : 65165913,
        "cache-misses" : 30620283
      },
      {
        "N" : 1450,
        "cycles" : 5777029861,
        "cache-references" : 70787445,
        "cache-misses" : 37410824
      },
      {
        "N" : 1500,
        "cycles" : 7105154701,
        "cache-references" : 77134335,
        "cache-misses" : 46485566
      },
      {
        "N" : 1550,
        "cycles" : 8170207374,
        "cache-references" : 87603245,
        "cache-misses" : 52314860
      },
      {
        "N" : 1600,
        "cycles" : 9927399752,
        "cache-references" : 99868213,
        "cache-misses" : 59190885
      },
      {
        "N" : 1650,
        "cycles" : 10730097840,
        "cache-references" : 114984512,
        "cache-misses" : 70924877
      },
      {
        "N" : 1700,
        "cycles" : 12325617035,
        "cache-references" : 121744944,
        "cache-misses" : 78791116
      },
      {
        "N" : 1750,
        "cycles" : 14571566915,
        "cache-references" : 150398190,
        "cache-misses" : 96342141
      },
      {
        "N" : 1800,
        "cycles" : 15533129949,
        "cache-references" : 164077302,
        "cache-misses" : 96426010
      },
      {
        "N" : 1850,
        "cycles" : 17607199030,
        "cache-references" : 185464534,
        "cache-misses" : 126922231
      },
      {
        "N" : 1900,
        "cycles" : 19534194003,
        "cache-references" : 202756586,
        "cache-misses" : 120492362
      },
      {
        "N" : 1950,
        "cycles" : 21353932636,
        "cache-references" : 255382043,
        "cache-misses" : 139276924
      },
      {
        "N" : 2000,
        "cycles" : 23966075741,
        "cache-references" : 251140194,
        "cache-misses" : 157852824
      }
    ],
    "opt/bst_102_blocking_orig.c:1" : [
      {
        "N" : 500,
        "cycles" : 73207945,
        "cache-references" : 735527,
        "cache-misses" : 11585
      },
      {
        "N" : 550,
        "cycles" : 104461673,
        "cache-references" : 972683,
        "cache-misses" : 32208
      },
      {
        "N" : 600,
        "cycles" : 132637515,
        "cache-references" : 1180650,
        "cache-misses" : 40167
      },
      {
        "N" : 650,
        "cycles" : 169091571,
        "cache-references" : 1394098,
        "cache-misses" : 81765
      },
      {
        "N" : 700,
        "cycles" : 204756318,
        "cache-references" : 1632398,
        "cache-misses" : 74298
      },
      {
        "N" : 750,
        "cycles" : 251774501,
        "cache-references" : 1929936,
        "cache-misses" : 115966
      },
      {
        "N" : 800,
        "cycles" : 301478989,
        "cache-references" : 2219350,
        "cache-misses" : 168699
      },
      {
        "N" : 850,
        "cycles" : 362518678,
        "cache-references" : 2466570,
        "cache-misses" : 252230
      },
      {
        "N" : 900,
        "cycles" : 437017908,
        "cache-references" : 2987195,
        "cache-misses" : 481296
      },
      {
        "N" : 950,
        "cycles" : 508948180,
        "cache-references" : 3343497,
        "cache-misses" : 565670
      },
      {
        "N" : 1000,
        "cycles" : 595517296,
        "cache-references" : 3996841,
        "cache-misses" : 844502
      },
      {
        "N" : 1050,
        "cycles" : 694506651,
        "cache-references" : 4616142,
        "cache-misses" : 1207168
      },
      {
        "N" : 1100,
        "cycles" : 802799942,
        "cache-references" : 5489675,
        "cache-misses" : 1629669
      },
      {
        "N" : 1150,
        "cycles" : 925648852,
        "cache-references" : 6300003,
        "cache-misses" : 2096459
      },
      {
        "N" : 1200,
        "cycles" : 1050168620,
        "cache-references" : 7620925,
        "cache-misses" : 2761549
      },
      {
        "N" : 1250,
        "cycles" : 1185549522,
        "cache-references" : 8788824,
        "cache-misses" : 3352734
      },
      {
        "N" : 1300,
        "cycles" : 1335018235,
        "cache-references" : 10422757,
        "cache-misses" : 4137098
      },
      {
        "N" : 1350,
        "cycles" : 1499672387,
        "cache-references" : 12592246,
        "cache-misses" : 5043325
      },
      {
        "N" : 1400,
        "cycles" : 1661910464,
        "cache-references" : 13910431,
        "cache-misses" : 5421373
      },
      {
        "N" : 1450,
        "cycles" : 1855594862,
        "cache-references" : 16775563,
        "cache-misses" : 6677843
      },
      {
        "N" : 1500,
        "cycles" : 2059100424,
        "cache-references" : 19526238,
        "cache-misses" : 7812858
      },
      {
        "N" : 1550,
        "cycles" : 2267991182,
        "cache-references" : 22301557,
        "cache-misses" : 8754782
      },
      {
        "N" : 1600,
        "cycles" : 2495364883,
        "cache-references" : 25169955,
        "cache-misses" : 9934814
      },
      {
        "N" : 1650,
        "cycles" : 2739064940,
        "cache-references" : 28169938,
        "cache-misses" : 11055738
      },
      {
        "N" : 1700,
        "cycles" : 2988219755,
        "cache-references" : 31412055,
        "cache-misses" : 12216325
      },
      {
        "N" : 1750,
        "cycles" : 3262121373,
        "cache-references" : 35452299,
        "cache-misses" : 13607967
      },
      {
        "N" : 1800,
        "cycles" : 3559018400,
        "cache-references" : 38323097,
        "cache-misses" : 14629104
      },
      {
        "N" : 1850,
        "cycles" : 3916014662,
        "cache-references" : 42386065,
        "cache-misses" : 15668381
      },
      {
        "N" : 1900,
        "cycles" : 4257970891,
        "cache-references" : 49280377,
        "cache-misses" : 19710139
      },
      {
        "N" : 1950,
        "cycles" : 4577167308,
        "cache-references" : 54427934,
        "cache-misses" : 20244505
      },
      {
        "N" : 2000,
        "cycles" : 4957371734,
        "cache-references" : 59825076,
        "cache-misses" : 23219563
      }
    ],
    "opt/bst_102_blocking.c:1" : [
      {
        "N" : 500,
        "cycles" : 73349377,
        "cache-references" : 755231,
        "cache-misses" : 11642
      },
      {
        "N" : 550,
        "cycles" : 103520232,
        "cache-references" : 975465,
        "cache-misses" : 27977
      },
      {
        "N" : 600,
        "cycles" : 130451073,
        "cache-references" : 1156712,
        "cache-misses" : 34530
      },
      {
        "N" : 650,
        "cycles" : 165183889,
        "cache-references" : 1377207,
        "cache-misses" : 57436
      },
      {
        "N" : 700,
        "cycles" : 201487084,
        "cache-references" : 1648569,
        "cache-misses" : 47178
      },
      {
        "N" : 750,
        "cycles" : 248558860,
        "cache-references" : 1912096,
        "cache-misses" : 91121
      },
      {
        "N" : 800,
        "cycles" : 298104276,
        "cache-references" : 2177821,
        "cache-misses" : 126026
      },
      {
        "N" : 850,
        "cycles" : 358014440,
        "cache-references" : 2430928,
        "cache-misses" : 186601
      },
      {
        "N" : 900,
        "cycles" : 426614870,
        "cache-references" : 2894344,
        "cache-misses" : 313278
      },
      {
        "N" : 950,
        "cycles" : 504836964,
        "cache-references" : 3303777,
        "cache-misses" : 540471
      },
      {
        "N" : 1000,
        "cycles" : 592575140,
        "cache-references" : 3979100,
        "cache-misses" : 807849
      },
      {
        "N" : 1050,
        "cycles" : 694354907,
        "cache-references" : 4641466,
        "cache-misses" : 1231839
      },
      {
        "N" : 1100,
        "cycles" : 799500917,
        "cache-references" : 5388210,
        "cache-misses" : 1606766
      },
      {
        "N" : 1150,
        "cycles" : 929343904,
        "cache-references" : 6608607,
        "cache-misses" : 2324186
      },
      {
        "N" : 1200,
        "cycles" : 1047126970,
        "cache-references" : 7634897,
        "cache-misses" : 2792173
      },
      {
        "N" : 1250,
        "cycles" : 1186276003,
        "cache-references" : 9007429,
        "cache-misses" : 3447914
      },
      {
        "N" : 1300,
        "cycles" : 1333422727,
        "cache-references" : 10647248,
        "cache-misses" : 4175608
      },
      {
        "N" : 1350,
        "cycles" : 1501175273,
        "cache-references" : 12663568,
        "cache-misses" : 5087547
      },
      {
        "N" : 1400,
        "cycles" : 1675157967,
        "cache-references" : 14757814,
        "cache-misses" : 5996376
      },
      {
        "N" : 1450,
        "cycles" : 1861509255,
        "cache-references" : 16952348,
        "cache-misses" : 6960705
      },
      {
        "N" : 1500,
        "cycles" : 2059114576,
        "cache-references" : 19716835,
        "cache-misses" : 7916676
      },
      {
        "N" : 1550,
        "cycles" : 2264804525,
        "cache-references" : 22341589,
        "cache-misses" : 8783309
      },
      {
        "N" : 1600,
        "cycles" : 2492637889,
        "cache-references" : 25382983,
        "cache-misses" : 10200145
      },
      {
        "N" : 1650,
        "cycles" : 2712784832,
        "cache-references" : 27652605,
        "cache-misses" : 10670580
      },
      {
        "N" : 1700,
        "cycles" : 2972402292,
        "cache-references" : 31404301,
        "cache-misses" : 11994983
      },
      {
        "N" : 1750,
        "cycles" : 3266384971,
        "cache-references" : 35577218,
        "cache-misses" : 13533296
      },
      {
        "N" : 1800,
        "cycles" : 3529332117,
        "cache-references" : 39170575,
        "cache-misses" : 14875681
      },
      {
        "N" : 1850,
        "cycles" : 4203271901,
        "cache-references" : 40473652,
        "cache-misses" : 16578884
      },
      {
        "N" : 1900,
        "cycles" : 4719363926,
        "cache-references" : 44328387,
        "cache-misses" : 16754263
      },
      {
        "N" : 1950,
        "cycles" : 4600515575,
        "cache-references" : 53175254,
        "cache-misses" : 19833109
      },
      {
        "N" : 2000,
        "cycles" : 4898751464,
        "cache-references" : 56901242,
        "cache-misses" : 20795457
      }
    ],
    "opt/bst_103_why_would_you_block.c:1" : [
      {
        "N" : 500,
        "cycles" : 254011154,
        "cache-references" : 707201,
        "cache-misses" : 37554
      },
      {
        "N" : 550,
        "cycles" : 335720475,
        "cache-references" : 871417,
        "cache-misses" : 40368
      },
      {
        "N" : 600,
        "cycles" : 434357388,
        "cache-references" : 1024840,
        "cache-misses" : 45384
      },
      {
        "N" : 650,
        "cycles" : 550287563,
        "cache-references" : 1246153,
        "cache-misses" : 55954
      },
      {
        "N" : 700,
        "cycles" : 687590801,
        "cache-references" : 1531871,
        "cache-misses" : 72645
      },
      {
        "N" : 750,
        "cycles" : 845793779,
        "cache-references" : 1793454,
        "cache-misses" : 96663
      },
      {
        "N" : 800,
        "cycles" : 1026761678,
        "cache-references" : 1990474,
        "cache-misses" : 165953
      },
      {
        "N" : 850,
        "cycles" : 1229453418,
        "cache-references" : 2181000,
        "cache-misses" : 166103
      },
      {
        "N" : 900,
        "cycles" : 1461317651,
        "cache-references" : 2582690,
        "cache-misses" : 284222
      },
      {
        "N" : 950,
        "cycles" : 1722266168,
        "cache-references" : 2898892,
        "cache-misses" : 461809
      },
      {
        "N" : 1000,
        "cycles" : 2011553418,
        "cache-references" : 3377942,
        "cache-misses" : 693133
      },
      {
        "N" : 1050,
        "cycles" : 2331207257,
        "cache-references" : 3683417,
        "cache-misses" : 931113
      },
      {
        "N" : 1100,
        "cycles" : 2686557584,
        "cache-references" : 4157874,
        "cache-misses" : 1273374
      },
      {
        "N" : 1150,
        "cycles" : 3078425049,
        "cache-references" : 4855019,
        "cache-misses" : 1738042
      },
      {
        "N" : 1200,
        "cycles" : 3495596865,
        "cache-references" : 5165147,
        "cache-misses" : 2035219
      },
      {
        "N" : 1250,
        "cycles" : 3976889134,
        "cache-references" : 5638273,
        "cache-misses" : 2646034
      },
      {
        "N" : 1300,
        "cycles" : 4455752055,
        "cache-references" : 6241220,
        "cache-misses" : 2990100
      },
      {
        "N" : 1350,
        "cycles" : 4995381601,
        "cache-references" : 7066083,
        "cache-misses" : 3619147
      },
      {
        "N" : 1400,
        "cycles" : 5577463373,
        "cache-references" : 7613219,
        "cache-misses" : 4182336
      },
      {
        "N" : 1450,
        "cycles" : 6198374407,
        "cache-references" : 8128753,
        "cache-misses" : 4720663
      },
      {
        "N" : 1500,
        "cycles" : 6862604224,
        "cache-references" : 9025603,
        "cache-misses" : 5235726
      },
      {
        "N" : 1550,
        "cycles" : 7599416479,
        "cache-references" : 10028233,
        "cache-misses" : 6723742
      },
      {
        "N" : 1600,
        "cycles" : 8351701818,
        "cache-references" : 10678534,
        "cache-misses" : 6835439
      },
      {
        "N" : 1650,
        "cycles" : 9145716172,
        "cache-references" : 11331214,
        "cache-misses" : 7344899
      },
      {
        "N" : 1700,
        "cycles" : 10039624862,
        "cache-references" : 12216125,
        "cache-misses" : 8034400
      },
      {
        "N" : 1750,
        "cycles" : 10914388677,
        "cache-references" : 13466226,
        "cache-misses" : 9148742
      },
      {
        "N" : 1800,
        "cycles" : 11877120273,
        "cache-references" : 14191808,
        "cache-misses" : 9819245
      },
      {
        "N" : 1850,
        "cycles" : 12900999511,
        "cache-references" : 13951235,
        "cache-misses" : 9816525
      },
      {
        "N" : 1900,
        "cycles" : 13995950374,
        "cache-references" : 15592378,
        "cache-misses" : 11640153
      },
      {
        "N" : 1950,
        "cycles" : 15135492509,
        "cache-references" : 16501423,
        "cache-misses" : 12669284
      },
      {
        "N" : 2000,
        "cycles" : 16320694396,
        "cache-references" : 17513251,
        "cache-misses" : 13650275
      }
    ],
    "opt/bst_104_blocking_restructured.c:1" : [
      {
        "N" : 500,
        "cycles" : 143682496,
        "cache-references" : 694218,
        "cache-misses" : 25513
      },
      {
        "N" : 550,
        "cycles" : 180271555,
        "cache-references" : 857396,
        "cache-misses" : 21214
      },
      {
        "N" : 600,
        "cycles" : 231169747,
        "cache-references" : 1046752,
        "cache-misses" : 35384
      },
      {
        "N" : 650,
        "cycles" : 297908813,
        "cache-references" : 1216416,
        "cache-misses" : 51494
      },
      {
        "N" : 700,
        "cycles" : 362282136,
        "cache-references" : 1500001,
        "cache-misses" : 60006
      },
      {
        "N" : 750,
        "cycles" : 432452560,
        "cache-references" : 1731299,
        "cache-misses" : 80942
      },
      {
        "N" : 800,
        "cycles" : 563034496,
        "cache-references" : 1947851,
        "cache-misses" : 122111
      },
      {
        "N" : 850,
        "cycles" : 638209465,
        "cache-references" : 2119798,
        "cache-misses" : 149375
      },
      {
        "N" : 900,
        "cycles" : 764932140,
        "cache-references" : 2516018,
        "cache-misses" : 280124
      },
      {
        "N" : 950,
        "cycles" : 896989565,
        "cache-references" : 2865615,
        "cache-misses" : 485043
      },
      {
        "N" : 1000,
        "cycles" : 1037946945,
        "cache-references" : 3305593,
        "cache-misses" : 694364
      },
      {
        "N" : 1050,
        "cycles" : 1232757150,
        "cache-references" : 3646187,
        "cache-misses" : 1050195
      },
      {
        "N" : 1100,
        "cycles" : 1394502830,
        "cache-references" : 4180199,
        "cache-misses" : 1334595
      },
      {
        "N" : 1150,
        "cycles" : 1623436486,
        "cache-references" : 5004987,
        "cache-misses" : 1776620
      },
      {
        "N" : 1200,
        "cycles" : 1803317075,
        "cache-references" : 5334723,
        "cache-misses" : 2045533
      },
      {
        "N" : 1250,
        "cycles" : 2095332474,
        "cache-references" : 5889078,
        "cache-misses" : 2427557
      },
      {
        "N" : 1300,
        "cycles" : 2415928894,
        "cache-references" : 6947126,
        "cache-misses" : 3113772
      },
      {
        "N" : 1350,
        "cycles" : 2620908778,
        "cache-references" : 7951099,
        "cache-misses" : 3571471
      },
      {
        "N" : 1400,
        "cycles" : 2875978047,
        "cache-references" : 8850223,
        "cache-misses" : 4026275
      },
      {
        "N" : 1450,
        "cycles" : 3216998449,
        "cache-references" : 9798282,
        "cache-misses" : 4673104
      },
      {
        "N" : 1500,
        "cycles" : 3580106735,
        "cache-references" : 11145351,
        "cache-misses" : 5236897
      },
      {
        "N" : 1550,
        "cycles" : 3936680518,
        "cache-references" : 12590768,
        "cache-misses" : 6003192
      },
      {
        "N" : 1600,
        "cycles" : 4320898504,
        "cache-references" : 13558672,
        "cache-misses" : 6519285
      },
      {
        "N" : 1650,
        "cycles" : 4756681018,
        "cache-references" : 15009511,
        "cache-misses" : 7058875
      },
      {
        "N" : 1700,
        "cycles" : 5408830702,
        "cache-references" : 17464311,
        "cache-misses" : 8579052
      },
      {
        "N" : 1750,
        "cycles" : 5755288784,
        "cache-references" : 18997425,
        "cache-misses" : 9072536
      },
      {
        "N" : 1800,
        "cycles" : 6208237530,
        "cache-references" : 20093013,
        "cache-misses" : 9837207
      },
      {
        "N" : 1850,
        "cycles" : 7263015638,
        "cache-references" : 22858929,
        "cache-misses" : 11551894
      },
      {
        "N" : 1900,
        "cycles" : 7410954430,
        "cache-references" : 23913482,
        "cache-misses" : 12367449
      },
      {
        "N" : 1950,
        "cycles" : 8020608681,
        "cache-references" : 25614043,
        "cache-misses" : 13185585
      },
      {
        "N" : 2000,
        "cycles" : 8557594083,
        "cache-references" : 27133071,
        "cache-misses" : 13656055
      }
    ],
    "opt/bst_105_blocking_transposed.c:1" : [
      {
        "N" : 500,
        "cycles" : 245479685,
        "cache-references" : 2418489,
        "cache-misses" : 73443
      },
      {
        "N" : 550,
        "cycles" : 343735686,
        "cache-references" : 3365134,
        "cache-misses" : 70867
      },
      {
        "N" : 600,
        "cycles" : 476218569,
        "cache-references" : 4444230,
        "cache-misses" : 81111
      },
      {
        "N" : 650,
        "cycles" : 604151965,
        "cache-references" : 5810052,
        "cache-misses" : 112305
      },
      {
        "N" : 700,
        "cycles" : 768045554,
        "cache-references" : 7293211,
        "cache-misses" : 141531
      },
      {
        "N" : 750,
        "cycles" : 997078448,
        "cache-references" : 9823157,
        "cache-misses" : 180747
      },
      {
        "N" : 800,
        "cycles" : 1195506074,
        "cache-references" : 11430440,
        "cache-misses" : 268788
      },
      {
        "N" : 850,
        "cycles" : 1576407367,
        "cache-references" : 13753189,
        "cache-misses" : 438025
      },
      {
        "N" : 900,
        "cycles" : 1768395891,
        "cache-references" : 16546256,
        "cache-misses" : 446201
      },
      {
        "N" : 950,
        "cycles" : 2209167517,
        "cache-references" : 20747847,
        "cache-misses" : 1057209
      },
      {
        "N" : 1000,
        "cycles" : 2669639737,
        "cache-references" : 23942042,
        "cache-misses" : 1772846
      },
      {
        "N" : 1050,
        "cycles" : 3408429240,
        "cache-references" : 30960507,
        "cache-misses" : 3913625
      },
      {
        "N" : 1100,
        "cycles" : 4186510345,
        "cache-references" : 35375275,
        "cache-misses" : 5592366
      },
      {
        "N" : 1150,
        "cycles" : 5524734622,
        "cache-references" : 41447253,
        "cache-misses" : 10360761
      },
      {
        "N" : 1200,
        "cycles" : 6897698689,
        "cache-references" : 49916631,
        "cache-misses" : 13153593
      },
      {
        "N" : 1250,
        "cycles" : 8351237101,
        "cache-references" : 60032060,
        "cache-misses" : 18553397
      },
      {
        "N" : 1300,
        "cycles" : 9863092138,
        "cache-references" : 72805660,
        "cache-misses" : 23404976
      },
      {
        "N" : 1350,
        "cycles" : 11565760777,
        "cache-references" : 87061010,
        "cache-misses" : 27659161
      },
      {
        "N" : 1400,
        "cycles" : 13787350245,
        "cache-references" : 101825553,
        "cache-misses" : 34195036
      },
      {
        "N" : 1450,
        "cycles" : 15858111732,
        "cache-references" : 110152836,
        "cache-misses" : 40247568
      },
      {
        "N" : 1500,
        "cycles" : 18391130805,
        "cache-references" : 148461964,
        "cache-misses" : 47131219
      },
      {
        "N" : 1550,
        "cycles" : 21044625478,
        "cache-references" : 163846745,
        "cache-misses" : 53977087
      },
      {
        "N" : 1600,
        "cycles" : 23795552390,
        "cache-references" : 221014030,
        "cache-misses" : 62285795
      },
      {
        "N" : 1650,
        "cycles" : 26931618362,
        "cache-references" : 233856213,
        "cache-misses" : 70614364
      },
      {
        "N" : 1700,
        "cycles" : 29717333290,
        "cache-references" : 278379636,
        "cache-misses" : 81422722
      },
      {
        "N" : 1750,
        "cycles" : 34311621008,
        "cache-references" : 418092487,
        "cache-misses" : 89526789
      },
      {
        "N" : 1800,
        "cycles" : 37904217694,
        "cache-references" : 429614075,
        "cache-misses" : 100814867
      },
      {
        "N" : 1850,
        "cycles" : 42309397222,
        "cache-references" : 504516232,
        "cache-misses" : 112367076
      },
      {
        "N" : 1900,
        "cycles" : 47522856965,
        "cache-references" : 607498032,
        "cache-misses" : 122975837
      },
      {
        "N" : 1950,
        "cycles" : 50978017050,
        "cache-references" : 702827569,
        "cache-misses" : 162198295
      },
      {
        "N" : 2000,
        "cycles" : 56378013331,
        "cache-references" : 772054283,
        "cache-misses" : 144865429
      }
    ],
    "opt/bst_106_scalar_rep_transp.c:1" : [
      {
        "N" : 500,
        "cycles" : 79525791,
        "cache-references" : 786918,
        "cache-misses" : 10317
      },
      {
        "N" : 550,
        "cycles" : 103871218,
        "cache-references" : 995045,
        "cache-misses" : 28393
      },
      {
        "N" : 600,
        "cycles" : 134608641,
        "cache-references" : 1234947,
        "cache-misses" : 35566
      },
      {
        "N" : 650,
        "cycles" : 171284496,
        "cache-references" : 1503813,
        "cache-misses" : 60048
      },
      {
        "N" : 700,
        "cycles" : 216464711,
        "cache-references" : 1778749,
        "cache-misses" : 59138
      },
      {
        "N" : 750,
        "cycles" : 258939452,
        "cache-references" : 2094468,
        "cache-misses" : 98900
      },
      {
        "N" : 800,
        "cycles" : 314413024,
        "cache-references" : 2372451,
        "cache-misses" : 126151
      },
      {
        "N" : 850,
        "cycles" : 378729721,
        "cache-references" : 2724060,
        "cache-misses" : 241627
      },
      {
        "N" : 900,
        "cycles" : 452848748,
        "cache-references" : 3133218,
        "cache-misses" : 373902
      },
      {
        "N" : 950,
        "cycles" : 538652062,
        "cache-references" : 3542263,
        "cache-misses" : 578464
      },
      {
        "N" : 1000,
        "cycles" : 638411354,
        "cache-references" : 4128931,
        "cache-misses" : 899047
      },
      {
        "N" : 1050,
        "cycles" : 745111373,
        "cache-references" : 4867175,
        "cache-misses" : 1293936
      },
      {
        "N" : 1100,
        "cycles" : 862713441,
        "cache-references" : 5540217,
        "cache-misses" : 1694856
      },
      {
        "N" : 1150,
        "cycles" : 992310232,
        "cache-references" : 6789486,
        "cache-misses" : 2290876
      },
      {
        "N" : 1200,
        "cycles" : 1136020491,
        "cache-references" : 7719398,
        "cache-misses" : 2910742
      },
      {
        "N" : 1250,
        "cycles" : 1295611914,
        "cache-references" : 9384028,
        "cache-misses" : 3663232
      },
      {
        "N" : 1300,
        "cycles" : 1459757905,
        "cache-references" : 11020229,
        "cache-misses" : 4399749
      },
      {
        "N" : 1350,
        "cycles" : 1645862091,
        "cache-references" : 13450492,
        "cache-misses" : 5305566
      },
      {
        "N" : 1400,
        "cycles" : 1838735033,
        "cache-references" : 15236057,
        "cache-misses" : 6135622
      },
      {
        "N" : 1450,
        "cycles" : 2040977929,
        "cache-references" : 17804840,
        "cache-misses" : 7120020
      },
      {
        "N" : 1500,
        "cycles" : 2255393045,
        "cache-references" : 22494375,
        "cache-misses" : 8633533
      },
      {
        "N" : 1550,
        "cycles" : 2479524796,
        "cache-references" : 23345056,
        "cache-misses" : 9201080
      },
      {
        "N" : 1600,
        "cycles" : 2716619192,
        "cache-references" : 26308567,
        "cache-misses" : 10360309
      },
      {
        "N" : 1650,
        "cycles" : 2976486135,
        "cache-references" : 30039603,
        "cache-misses" : 11624960
      },
      {
        "N" : 1700,
        "cycles" : 3244715189,
        "cache-references" : 33826227,
        "cache-misses" : 12953946
      },
      {
        "N" : 1750,
        "cycles" : 3534019823,
        "cache-references" : 38289874,
        "cache-misses" : 14606217
      },
      {
        "N" : 1800,
        "cycles" : 3839890808,
        "cache-references" : 41633945,
        "cache-misses" : 15677503
      },
      {
        "N" : 1850,
        "cycles" : 4266513869,
        "cache-references" : 48978884,
        "cache-misses" : 19056919
      },
      {
        "N" : 1900,
        "cycles" : 5107053851,
        "cache-references" : 48942764,
        "cache-misses" : 19679616
      },
      {
        "N" : 1950,
        "cycles" : 5052027170,
        "cache-references" : 57731645,
        "cache-misses" : 22102076
      },
      {
        "N" : 2000,
        "cycles" : 5375170150,
        "cache-references" : 65688517,
        "cache-misses" : 25046948
      }
    ],
    "opt/bst_107_weight_opt.c:1" : [
      {
        "N" : 500,
        "cycles" : 78393659,
        "cache-references" : 754438,
        "cache-misses" : 5552
      },
      {
        "N" : 550,
        "cycles" : 103281355,
        "cache-references" : 969350,
        "cache-misses" : 16233
      },
      {
        "N" : 600,
        "cycles" : 132907839,
        "cache-references" : 1206718,
        "cache-misses" : 19506
      },
      {
        "N" : 650,
        "cycles" : 169399541,
        "cache-references" : 1463399,
        "cache-misses" : 30523
      },
      {
        "N" : 700,
        "cycles" : 209155287,
        "cache-references" : 1732226,
        "cache-misses" : 36720
      },
      {
        "N" : 750,
        "cycles" : 258612586,
        "cache-references" : 2039332,
        "cache-misses" : 86403
      },
      {
        "N" : 800,
        "cycles" : 315767903,
        "cache-references" : 2359165,
        "cache-misses" : 144830
      },
      {
        "N" : 850,
        "cycles" : 378559607,
        "cache-references" : 2680328,
        "cache-misses" : 213796
      },
      {
        "N" : 900,
        "cycles" : 466178391,
        "cache-references" : 3064371,
        "cache-misses" : 388194
      },
      {
        "N" : 950,
        "cycles" : 541092626,
        "cache-references" : 3508526,
        "cache-misses" : 597721
      },
      {
        "N" : 1000,
        "cycles" : 639520997,
        "cache-references" : 4149666,
        "cache-misses" : 923505
      },
      {
        "N" : 1050,
        "cycles" : 743006846,
        "cache-references" : 4847093,
        "cache-misses" : 1267610
      },
      {
        "N" : 1100,
        "cycles" : 865074764,
        "cache-references" : 5520013,
        "cache-misses" : 1719746
      },
      {
        "N" : 1150,
        "cycles" : 995389511,
        "cache-references" : 6506192,
        "cache-misses" : 2286674
      },
      {
        "N" : 1200,
        "cycles" : 1138590438,
        "cache-references" : 7960167,
        "cache-misses" : 3006425
      },
      {
        "N" : 1250,
        "cycles" : 1293367040,
        "cache-references" : 9411208,
        "cache-misses" : 3733095
      },
      {
        "N" : 1300,
        "cycles" : 1459642604,
        "cache-references" : 11243701,
        "cache-misses" : 4523397
      },
      {
        "N" : 1350,
        "cycles" : 1624837292,
        "cache-references" : 12824910,
        "cache-misses" : 5177004
      },
      {
        "N" : 1400,
        "cycles" : 1825138871,
        "cache-references" : 15329052,
        "cache-misses" : 6232447
      },
      {
        "N" : 1450,
        "cycles" : 2032938727,
        "cache-references" : 17442090,
        "cache-misses" : 7048023
      },
      {
        "N" : 1500,
        "cycles" : 2257556512,
        "cache-references" : 20079377,
        "cache-misses" : 8147196
      },
      {
        "N" : 1550,
        "cycles" : 2482952045,
        "cache-references" : 24239784,
        "cache-misses" : 9495888
      },
      {
        "N" : 1600,
        "cycles" : 2714442918,
        "cache-references" : 29042766,
        "cache-misses" : 11364410
      },
      {
        "N" : 1650,
        "cycles" : 2975570792,
        "cache-references" : 29646013,
        "cache-misses" : 11663504
      },
      {
        "N" : 1700,
        "cycles" : 3227059440,
        "cache-references" : 32523885,
        "cache-misses" : 12538201
      },
      {
        "N" : 1750,
        "cycles" : 3536681806,
        "cache-references" : 39058477,
        "cache-misses" : 14781054
      },
      {
        "N" : 1800,
        "cycles" : 3831777603,
        "cache-references" : 42115389,
        "cache-misses" : 16092705
      },
      {
        "N" : 1850,
        "cycles" : 4167358392,
        "cache-references" : 47581319,
        "cache-misses" : 17645383
      },
      {
        "N" : 1900,
        "cycles" : 4495458564,
        "cache-references" : 48698957,
        "cache-misses" : 18143235
      },
      {
        "N" : 1950,
        "cycles" : 4858422331,
        "cache-references" : 54652433,
        "cache-misses" : 20124037
      },
      {
        "N" : 2000,
        "cycles" : 5231234970,
        "cache-references" : 58904295,
        "cache-misses" : 21518978
      }
    ],
    "opt/bst_108_root_opt.c:1" : [
      {
        "N" : 500,
        "cycles" : 77630876,
        "cache-references" : 750299,
        "cache-misses" : 12155
      },
      {
        "N" : 550,
        "cycles" : 102324827,
        "cache-references" : 963535,
        "cache-misses" : 13915
      },
      {
        "N" : 600,
        "cycles" : 131943593,
        "cache-references" : 1199538,
        "cache-misses" : 20316
      },
      {
        "N" : 650,
        "cycles" : 168425023,
        "cache-references" : 1465755,
        "cache-misses" : 46543
      },
      {
        "N" : 700,
        "cycles" : 206520908,
        "cache-references" : 1723770,
        "cache-misses" : 33024
      },
      {
        "N" : 750,
        "cycles" : 259851844,
        "cache-references" : 2036500,
        "cache-misses" : 88348
      },
      {
        "N" : 800,
        "cycles" : 330067889,
        "cache-references" : 2354785,
        "cache-misses" : 131641
      },
      {
        "N" : 850,
        "cycles" : 375133052,
        "cache-references" : 2658697,
        "cache-misses" : 199827
      },
      {
        "N" : 900,
        "cycles" : 464355517,
        "cache-references" : 3058073,
        "cache-misses" : 375743
      },
      {
        "N" : 950,
        "cycles" : 540714485,
        "cache-references" : 3519174,
        "cache-misses" : 601288
      },
      {
        "N" : 1000,
        "cycles" : 638676720,
        "cache-references" : 4119153,
        "cache-misses" : 898085
      },
      {
        "N" : 1050,
        "cycles" : 748586675,
        "cache-references" : 4871434,
        "cache-misses" : 1292743
      },
      {
        "N" : 1100,
        "cycles" : 862473663,
        "cache-references" : 5552144,
        "cache-misses" : 1754173
      },
      {
        "N" : 1150,
        "cycles" : 991495112,
        "cache-references" : 6512322,
        "cache-misses" : 2310367
      },
      {
        "N" : 1200,
        "cycles" : 1138124316,
        "cache-references" : 7961945,
        "cache-misses" : 3011663
      },
      {
        "N" : 1250,
        "cycles" : 1275586327,
        "cache-references" : 9058202,
        "cache-misses" : 3500975
      },
      {
        "N" : 1300,
        "cycles" : 1455719852,
        "cache-references" : 11309836,
        "cache-misses" : 4570913
      },
      {
        "N" : 1350,
        "cycles" : 1641226980,
        "cache-references" : 13052344,
        "cache-misses" : 5375440
      },
      {
        "N" : 1400,
        "cycles" : 1828877490,
        "cache-references" : 15502070,
        "cache-misses" : 6321500
      },
      {
        "N" : 1450,
        "cycles" : 2036635610,
        "cache-references" : 17851664,
        "cache-misses" : 7326371
      },
      {
        "N" : 1500,
        "cycles" : 2253860856,
        "cache-references" : 20241937,
        "cache-misses" : 8239534
      },
      {
        "N" : 1550,
        "cycles" : 2476480920,
        "cache-references" : 24324779,
        "cache-misses" : 9561007
      },
      {
        "N" : 1600,
        "cycles" : 2697045396,
        "cache-references" : 28161574,
        "cache-misses" : 10735930
      },
      {
        "N" : 1650,
        "cycles" : 2969301968,
        "cache-references" : 29570944,
        "cache-misses" : 11641147
      },
      {
        "N" : 1700,
        "cycles" : 3235708956,
        "cache-references" : 34134273,
        "cache-misses" : 13445526
      },
      {
        "N" : 1750,
        "cycles" : 3503109136,
        "cache-references" : 37774681,
        "cache-misses" : 14093815
      },
      {
        "N" : 1800,
        "cycles" : 4190369305,
        "cache-references" : 39236548,
        "cache-misses" : 14803470
      },
      {
        "N" : 1850,
        "cycles" : 4154448919,
        "cache-references" : 48008125,
        "cache-misses" : 17834610
      },
      {
        "N" : 1900,
        "cycles" : 4497057812,
        "cache-references" : 49918227,
        "cache-misses" : 18800139
      },
      {
        "N" : 1950,
        "cycles" : 4846778790,
        "cache-references" : 55882448,
        "cache-misses" : 20729091
      },
      {
        "N" : 2000,
        "cycles" : 5207744974,
        "cache-references" : 59719381,
        "cache-misses" : 21908230
      }
    ]
  }
}
